This is pdfTeX, Version 3.14159265-2.6-1.40.17 (TeX Live 2016/Debian) (preloaded format=pdflatex 2017.10.20)  10 FEB 2018 11:14
entering extended mode
 restricted \write18 enabled.
 %&-line parsing enabled.
**setup.tex
(./setup.tex
LaTeX2e <2017/01/01> patch level 3
Babel <3.9r> and hyphenation patterns for 83 language(s) loaded.

! LaTeX Error: \usepackage before \documentclass.

See the LaTeX manual or LaTeX Companion for explanation.
Type  H <return>  for immediate help.
 ...                                              
                                                  
l.6 \usepackage{
                ifthen}                 % добавляет ifthenelse
\usepackage may only appear in the document preamble, i.e.,
between \documentclass and \begin{document}.

\c@intvl=\count79
\c@otstup=\count80
\c@contnum=\count81
\c@pgnum=\count82
\c@bibliosel=\count83
\c@chapstyle=\count84
\c@headingdelim=\count85
\c@headingalign=\count86
\c@headingsize=\count87
)
! Emergency stop.
<*> setup.tex
             
*** (job aborted, no legal \end found)

 
Here is how much of TeX's memory you used:
 40 strings out of 493013
 515 string characters out of 6135681
 53315 words of memory out of 5000000
 3685 multiletter control sequences out of 15000+600000
 3640 words of font info for 14 fonts, out of 8000000 for 9000
 1141 hyphenation exceptions out of 8191
 9i,0n,14p,441b,14s stack positions out of 5000i,500n,10000p,200000b,80000s
!  ==> Fatal error occurred, no output PDF file produced!
