This is pdfTeX, Version 3.14159265-2.6-1.40.17 (TeX Live 2016/Debian) (preloaded format=pdflatex 2017.10.20)  14 FEB 2018 09:24
entering extended mode
 restricted \write18 enabled.
 %&-line parsing enabled.
**dissertation.tex
(./dissertation.tex
LaTeX2e <2017/01/01> patch level 3
Babel <3.9r> and hyphenation patterns for 83 language(s) loaded.
(/usr/share/texlive/texmf-dist/tex/latex/extsizes/extreport.cls
Document Class: extreport 1996/10/08 v1.0 Non Standard LaTeX document class
(/usr/share/texlive/texmf-dist/tex/latex/extsizes/size14.clo
File: size14.clo 1999/11/11 v1.4a NON-Standard LaTeX file (size option)
)
(/usr/share/texlive/texmf-dist/tex/latex/base/exscale.sty
Package: exscale 2014/09/29 v2.1h Standard LaTeX package exscale
LaTeX Font Info:    Redeclaring symbol font `largesymbols' on input line 57.
LaTeX Font Info:    Overwriting symbol font `largesymbols' in version `normal'
(Font)                  OMX/cmex/m/n --> OMX/cmex/m/n on input line 57.
LaTeX Font Info:    Overwriting symbol font `largesymbols' in version `bold'
(Font)                  OMX/cmex/m/n --> OMX/cmex/m/n on input line 57.
\big@size=\dimen102
)
\c@part=\count79
\c@chapter=\count80
\c@section=\count81
\c@subsection=\count82
\c@subsubsection=\count83
\c@paragraph=\count84
\c@subparagraph=\count85
\c@figure=\count86
\c@table=\count87
\abovecaptionskip=\skip41
\belowcaptionskip=\skip42
\bibindent=\dimen103
) (./setup.tex
(/usr/share/texlive/texmf-dist/tex/latex/base/ifthen.sty
Package: ifthen 2014/09/29 v1.1c Standard LaTeX ifthen package (DPC)
)
\c@intvl=\count88
\c@otstup=\count89
\c@contnum=\count90
\c@pgnum=\count91
\c@bibliosel=\count92
\c@chapstyle=\count93
\c@headingdelim=\count94
\c@headingalign=\count95
\c@headingsize=\count96
)
(../common/packages.tex
(/usr/share/texlive/texmf-dist/tex/generic/iftex/iftex.sty
Package: iftex 2013/04/04 v0.2 Provides if(tex) conditional for PDFTeX, XeTeX, 
and LuaTeX
)
(/usr/share/texlive/texmf-dist/tex/latex/oberdiek/pdflscape.sty
Package: pdflscape 2016/05/14 v0.11 Display of landscape pages in PDF (HO)

(/usr/share/texlive/texmf-dist/tex/latex/graphics/lscape.sty
Package: lscape 2000/10/22 v3.01 Landscape Pages (DPC)

(/usr/share/texlive/texmf-dist/tex/latex/graphics/graphics.sty
Package: graphics 2016/10/09 v1.0u Standard LaTeX Graphics (DPC,SPQR)

(/usr/share/texlive/texmf-dist/tex/latex/graphics/trig.sty
Package: trig 2016/01/03 v1.10 sin cos tan (DPC)
)
(/usr/share/texlive/texmf-dist/tex/latex/graphics-cfg/graphics.cfg
File: graphics.cfg 2016/06/04 v1.11 sample graphics configuration
)
Package graphics Info: Driver file: pdftex.def on input line 99.

(/usr/share/texlive/texmf-dist/tex/latex/graphics-def/pdftex.def
File: pdftex.def 2017/01/12 v0.06k Graphics/color for pdfTeX

(/usr/share/texlive/texmf-dist/tex/generic/oberdiek/infwarerr.sty
Package: infwarerr 2016/05/16 v1.4 Providing info/warning/error messages (HO)
)
(/usr/share/texlive/texmf-dist/tex/generic/oberdiek/ltxcmds.sty
Package: ltxcmds 2016/05/16 v1.23 LaTeX kernel commands for general use (HO)
)
\Gread@gobject=\count97
)))
(/usr/share/texlive/texmf-dist/tex/generic/oberdiek/ifpdf.sty
Package: ifpdf 2016/05/14 v3.1 Provides the ifpdf switch
)
Package pdflscape Info: Auto-detected driver: pdftex on input line 81.

(/usr/share/texlive/texmf-dist/tex/generic/ifxetex/ifxetex.sty
Package: ifxetex 2010/09/12 v0.6 Provides ifxetex conditional
))
(/usr/share/texlive/texmf-dist/tex/latex/geometry/geometry.sty
Package: geometry 2010/09/12 v5.6 Page Geometry

(/usr/share/texlive/texmf-dist/tex/latex/graphics/keyval.sty
Package: keyval 2014/10/28 v1.15 key=value parser (DPC)
\KV@toks@=\toks14
)
(/usr/share/texlive/texmf-dist/tex/generic/oberdiek/ifvtex.sty
Package: ifvtex 2016/05/16 v1.6 Detect VTeX and its facilities (HO)
Package ifvtex Info: VTeX not detected.
)
\Gm@cnth=\count98
\Gm@cntv=\count99
\c@Gm@tempcnt=\count100
\Gm@bindingoffset=\dimen104
\Gm@wd@mp=\dimen105
\Gm@odd@mp=\dimen106
\Gm@even@mp=\dimen107
\Gm@layoutwidth=\dimen108
\Gm@layoutheight=\dimen109
\Gm@layouthoffset=\dimen110
\Gm@layoutvoffset=\dimen111
\Gm@dimlist=\toks15
)
(/usr/share/texlive/texmf-dist/tex/latex/amscls/amsthm.sty
Package: amsthm 2015/03/04 v2.20.2
\thm@style=\toks16
\thm@bodyfont=\toks17
\thm@headfont=\toks18
\thm@notefont=\toks19
\thm@headpunct=\toks20
\thm@preskip=\skip43
\thm@postskip=\skip44
\thm@headsep=\skip45
\dth@everypar=\toks21
)
(/usr/share/texlive/texmf-dist/tex/latex/amsfonts/amsfonts.sty
Package: amsfonts 2013/01/14 v3.01 Basic AMSFonts support
\@emptytoks=\toks22
\symAMSa=\mathgroup4
\symAMSb=\mathgroup5
LaTeX Font Info:    Overwriting math alphabet `\mathfrak' in version `bold'
(Font)                  U/euf/m/n --> U/euf/b/n on input line 106.
)
(/usr/share/texlive/texmf-dist/tex/latex/amsmath/amsmath.sty
Package: amsmath 2016/11/05 v2.16a AMS math features
\@mathmargin=\skip46

For additional information on amsmath, use the `?' option.
(/usr/share/texlive/texmf-dist/tex/latex/amsmath/amstext.sty
Package: amstext 2000/06/29 v2.01 AMS text

(/usr/share/texlive/texmf-dist/tex/latex/amsmath/amsgen.sty
File: amsgen.sty 1999/11/30 v2.0 generic functions
\@emptytoks=\toks23
\ex@=\dimen112
))
(/usr/share/texlive/texmf-dist/tex/latex/amsmath/amsbsy.sty
Package: amsbsy 1999/11/29 v1.2d Bold Symbols
\pmbraise@=\dimen113
)
(/usr/share/texlive/texmf-dist/tex/latex/amsmath/amsopn.sty
Package: amsopn 2016/03/08 v2.02 operator names
)
\inf@bad=\count101
LaTeX Info: Redefining \frac on input line 213.
\uproot@=\count102
\leftroot@=\count103
LaTeX Info: Redefining \overline on input line 375.
\classnum@=\count104
\DOTSCASE@=\count105
LaTeX Info: Redefining \ldots on input line 472.
LaTeX Info: Redefining \dots on input line 475.
LaTeX Info: Redefining \cdots on input line 596.
\Mathstrutbox@=\box26
\strutbox@=\box27
\big@size=\dimen114
LaTeX Font Info:    Redeclaring font encoding OML on input line 712.
LaTeX Font Info:    Redeclaring font encoding OMS on input line 713.
\macc@depth=\count106
\c@MaxMatrixCols=\count107
\dotsspace@=\muskip10
\c@parentequation=\count108
\dspbrk@lvl=\count109
\tag@help=\toks24
\row@=\count110
\column@=\count111
\maxfields@=\count112
\andhelp@=\toks25
\eqnshift@=\dimen115
\alignsep@=\dimen116
\tagshift@=\dimen117
\tagwidth@=\dimen118
\totwidth@=\dimen119
\lineht@=\dimen120
\@envbody=\toks26
\multlinegap=\skip47
\multlinetaggap=\skip48
\mathdisplay@stack=\toks27
LaTeX Info: Redefining \[ on input line 2817.
LaTeX Info: Redefining \] on input line 2818.
)
(/usr/share/texlive/texmf-dist/tex/latex/amsfonts/amssymb.sty
Package: amssymb 2013/01/14 v3.01 AMS font symbols
)
(/usr/share/texlive/texmf-dist/tex/latex/amsmath/amscd.sty
Package: amscd 1999/11/29 v2.0 AMS Commutatitive Diagrams
\athelp@=\toks28
\minaw@=\dimen121
\bigaw@=\dimen122
\minCDarrowwidth=\dimen123
)
(/usr/share/texlive/texmf-dist/tex/latex/mathtools/mathtools.sty
Package: mathtools 2015/11/12 v1.18 mathematical typesetting tools

(/usr/share/texlive/texmf-dist/tex/latex/tools/calc.sty
Package: calc 2014/10/28 v4.3 Infix arithmetic (KKT,FJ)
\calc@Acount=\count113
\calc@Bcount=\count114
\calc@Adimen=\dimen124
\calc@Bdimen=\dimen125
\calc@Askip=\skip49
\calc@Bskip=\skip50
LaTeX Info: Redefining \setlength on input line 80.
LaTeX Info: Redefining \addtolength on input line 81.
\calc@Ccount=\count115
\calc@Cskip=\skip51
)
(/usr/share/texlive/texmf-dist/tex/latex/mathtools/mhsetup.sty
Package: mhsetup 2010/01/21 v1.2a programming setup (MH)
)
LaTeX Info: Thecontrolsequence`\('isalreadyrobust on input line 129.
LaTeX Info: Thecontrolsequence`\)'isalreadyrobust on input line 129.
LaTeX Info: Thecontrolsequence`\['isalreadyrobust on input line 129.
LaTeX Info: Thecontrolsequence`\]'isalreadyrobust on input line 129.
\g_MT_multlinerow_int=\count116
\l_MT_multwidth_dim=\dimen126
\origjot=\skip52
\l_MT_shortvdotswithinadjustabove_dim=\dimen127
\l_MT_shortvdotswithinadjustbelow_dim=\dimen128
\l_MT_above_intertext_sep=\dimen129
\l_MT_below_intertext_sep=\dimen130
\l_MT_above_shortintertext_sep=\dimen131
\l_MT_below_shortintertext_sep=\dimen132
)
\curtextsize=\skip53
\bigtextsize=\skip54

(/usr/share/texlive/texmf-dist/tex/latex/cmap/cmap.sty
Package: cmap 2008/03/06 v1.0h CMap support: searchable PDF
)
(/usr/share/texlive/texmf-dist/tex/latex/base/fontenc.sty
Package: fontenc 2017/02/22 v2.0g Standard LaTeX package

(/usr/share/texlive/texmf-dist/tex/latex/cyrillic/t2aenc.def
File: t2aenc.def 2005/09/27 v1.0i Cyrillic encoding definition file
)
LaTeX Font Info:    Try loading font information for T2A+cmr on input line 105.


(/usr/share/texlive/texmf-dist/tex/latex/cyrillic/t2acmr.fd
File: t2acmr.fd 2001/08/11 v1.0a Computer Modern Cyrillic font definitions
)<<t2a.cmap>>)
(/usr/share/texlive/texmf-dist/tex/latex/base/inputenc.sty
Package: inputenc 2015/03/17 v1.2c Input encoding file
\inpenc@prehook=\toks29
\inpenc@posthook=\toks30

(/usr/share/texlive/texmf-dist/tex/latex/base/utf8.def
File: utf8.def 2017/01/28 v1.1t UTF-8 support for inputenc
Now handling font encoding OML ...
... no UTF-8 mapping file for font encoding OML
Now handling font encoding T1 ...
... processing UTF-8 mapping file for font encoding T1

(/usr/share/texlive/texmf-dist/tex/latex/base/t1enc.dfu
File: t1enc.dfu 2017/01/28 v1.1t UTF-8 support for inputenc
   defining Unicode char U+00A0 (decimal 160)
   defining Unicode char U+00A1 (decimal 161)
   defining Unicode char U+00A3 (decimal 163)
   defining Unicode char U+00AB (decimal 171)
   defining Unicode char U+00AD (decimal 173)
   defining Unicode char U+00BB (decimal 187)
   defining Unicode char U+00BF (decimal 191)
   defining Unicode char U+00C0 (decimal 192)
   defining Unicode char U+00C1 (decimal 193)
   defining Unicode char U+00C2 (decimal 194)
   defining Unicode char U+00C3 (decimal 195)
   defining Unicode char U+00C4 (decimal 196)
   defining Unicode char U+00C5 (decimal 197)
   defining Unicode char U+00C6 (decimal 198)
   defining Unicode char U+00C7 (decimal 199)
   defining Unicode char U+00C8 (decimal 200)
   defining Unicode char U+00C9 (decimal 201)
   defining Unicode char U+00CA (decimal 202)
   defining Unicode char U+00CB (decimal 203)
   defining Unicode char U+00CC (decimal 204)
   defining Unicode char U+00CD (decimal 205)
   defining Unicode char U+00CE (decimal 206)
   defining Unicode char U+00CF (decimal 207)
   defining Unicode char U+00D0 (decimal 208)
   defining Unicode char U+00D1 (decimal 209)
   defining Unicode char U+00D2 (decimal 210)
   defining Unicode char U+00D3 (decimal 211)
   defining Unicode char U+00D4 (decimal 212)
   defining Unicode char U+00D5 (decimal 213)
   defining Unicode char U+00D6 (decimal 214)
   defining Unicode char U+00D8 (decimal 216)
   defining Unicode char U+00D9 (decimal 217)
   defining Unicode char U+00DA (decimal 218)
   defining Unicode char U+00DB (decimal 219)
   defining Unicode char U+00DC (decimal 220)
   defining Unicode char U+00DD (decimal 221)
   defining Unicode char U+00DE (decimal 222)
   defining Unicode char U+00DF (decimal 223)
   defining Unicode char U+00E0 (decimal 224)
   defining Unicode char U+00E1 (decimal 225)
   defining Unicode char U+00E2 (decimal 226)
   defining Unicode char U+00E3 (decimal 227)
   defining Unicode char U+00E4 (decimal 228)
   defining Unicode char U+00E5 (decimal 229)
   defining Unicode char U+00E6 (decimal 230)
   defining Unicode char U+00E7 (decimal 231)
   defining Unicode char U+00E8 (decimal 232)
   defining Unicode char U+00E9 (decimal 233)
   defining Unicode char U+00EA (decimal 234)
   defining Unicode char U+00EB (decimal 235)
   defining Unicode char U+00EC (decimal 236)
   defining Unicode char U+00ED (decimal 237)
   defining Unicode char U+00EE (decimal 238)
   defining Unicode char U+00EF (decimal 239)
   defining Unicode char U+00F0 (decimal 240)
   defining Unicode char U+00F1 (decimal 241)
   defining Unicode char U+00F2 (decimal 242)
   defining Unicode char U+00F3 (decimal 243)
   defining Unicode char U+00F4 (decimal 244)
   defining Unicode char U+00F5 (decimal 245)
   defining Unicode char U+00F6 (decimal 246)
   defining Unicode char U+00F8 (decimal 248)
   defining Unicode char U+00F9 (decimal 249)
   defining Unicode char U+00FA (decimal 250)
   defining Unicode char U+00FB (decimal 251)
   defining Unicode char U+00FC (decimal 252)
   defining Unicode char U+00FD (decimal 253)
   defining Unicode char U+00FE (decimal 254)
   defining Unicode char U+00FF (decimal 255)
   defining Unicode char U+0100 (decimal 256)
   defining Unicode char U+0101 (decimal 257)
   defining Unicode char U+0102 (decimal 258)
   defining Unicode char U+0103 (decimal 259)
   defining Unicode char U+0104 (decimal 260)
   defining Unicode char U+0105 (decimal 261)
   defining Unicode char U+0106 (decimal 262)
   defining Unicode char U+0107 (decimal 263)
   defining Unicode char U+0108 (decimal 264)
   defining Unicode char U+0109 (decimal 265)
   defining Unicode char U+010A (decimal 266)
   defining Unicode char U+010B (decimal 267)
   defining Unicode char U+010C (decimal 268)
   defining Unicode char U+010D (decimal 269)
   defining Unicode char U+010E (decimal 270)
   defining Unicode char U+010F (decimal 271)
   defining Unicode char U+0110 (decimal 272)
   defining Unicode char U+0111 (decimal 273)
   defining Unicode char U+0112 (decimal 274)
   defining Unicode char U+0113 (decimal 275)
   defining Unicode char U+0114 (decimal 276)
   defining Unicode char U+0115 (decimal 277)
   defining Unicode char U+0116 (decimal 278)
   defining Unicode char U+0117 (decimal 279)
   defining Unicode char U+0118 (decimal 280)
   defining Unicode char U+0119 (decimal 281)
   defining Unicode char U+011A (decimal 282)
   defining Unicode char U+011B (decimal 283)
   defining Unicode char U+011C (decimal 284)
   defining Unicode char U+011D (decimal 285)
   defining Unicode char U+011E (decimal 286)
   defining Unicode char U+011F (decimal 287)
   defining Unicode char U+0120 (decimal 288)
   defining Unicode char U+0121 (decimal 289)
   defining Unicode char U+0122 (decimal 290)
   defining Unicode char U+0123 (decimal 291)
   defining Unicode char U+0124 (decimal 292)
   defining Unicode char U+0125 (decimal 293)
   defining Unicode char U+0128 (decimal 296)
   defining Unicode char U+0129 (decimal 297)
   defining Unicode char U+012A (decimal 298)
   defining Unicode char U+012B (decimal 299)
   defining Unicode char U+012C (decimal 300)
   defining Unicode char U+012D (decimal 301)
   defining Unicode char U+012E (decimal 302)
   defining Unicode char U+012F (decimal 303)
   defining Unicode char U+0130 (decimal 304)
   defining Unicode char U+0131 (decimal 305)
   defining Unicode char U+0132 (decimal 306)
   defining Unicode char U+0133 (decimal 307)
   defining Unicode char U+0134 (decimal 308)
   defining Unicode char U+0135 (decimal 309)
   defining Unicode char U+0136 (decimal 310)
   defining Unicode char U+0137 (decimal 311)
   defining Unicode char U+0139 (decimal 313)
   defining Unicode char U+013A (decimal 314)
   defining Unicode char U+013B (decimal 315)
   defining Unicode char U+013C (decimal 316)
   defining Unicode char U+013D (decimal 317)
   defining Unicode char U+013E (decimal 318)
   defining Unicode char U+0141 (decimal 321)
   defining Unicode char U+0142 (decimal 322)
   defining Unicode char U+0143 (decimal 323)
   defining Unicode char U+0144 (decimal 324)
   defining Unicode char U+0145 (decimal 325)
   defining Unicode char U+0146 (decimal 326)
   defining Unicode char U+0147 (decimal 327)
   defining Unicode char U+0148 (decimal 328)
   defining Unicode char U+014A (decimal 330)
   defining Unicode char U+014B (decimal 331)
   defining Unicode char U+014C (decimal 332)
   defining Unicode char U+014D (decimal 333)
   defining Unicode char U+014E (decimal 334)
   defining Unicode char U+014F (decimal 335)
   defining Unicode char U+0150 (decimal 336)
   defining Unicode char U+0151 (decimal 337)
   defining Unicode char U+0152 (decimal 338)
   defining Unicode char U+0153 (decimal 339)
   defining Unicode char U+0154 (decimal 340)
   defining Unicode char U+0155 (decimal 341)
   defining Unicode char U+0156 (decimal 342)
   defining Unicode char U+0157 (decimal 343)
   defining Unicode char U+0158 (decimal 344)
   defining Unicode char U+0159 (decimal 345)
   defining Unicode char U+015A (decimal 346)
   defining Unicode char U+015B (decimal 347)
   defining Unicode char U+015C (decimal 348)
   defining Unicode char U+015D (decimal 349)
   defining Unicode char U+015E (decimal 350)
   defining Unicode char U+015F (decimal 351)
   defining Unicode char U+0160 (decimal 352)
   defining Unicode char U+0161 (decimal 353)
   defining Unicode char U+0162 (decimal 354)
   defining Unicode char U+0163 (decimal 355)
   defining Unicode char U+0164 (decimal 356)
   defining Unicode char U+0165 (decimal 357)
   defining Unicode char U+0168 (decimal 360)
   defining Unicode char U+0169 (decimal 361)
   defining Unicode char U+016A (decimal 362)
   defining Unicode char U+016B (decimal 363)
   defining Unicode char U+016C (decimal 364)
   defining Unicode char U+016D (decimal 365)
   defining Unicode char U+016E (decimal 366)
   defining Unicode char U+016F (decimal 367)
   defining Unicode char U+0170 (decimal 368)
   defining Unicode char U+0171 (decimal 369)
   defining Unicode char U+0172 (decimal 370)
   defining Unicode char U+0173 (decimal 371)
   defining Unicode char U+0174 (decimal 372)
   defining Unicode char U+0175 (decimal 373)
   defining Unicode char U+0176 (decimal 374)
   defining Unicode char U+0177 (decimal 375)
   defining Unicode char U+0178 (decimal 376)
   defining Unicode char U+0179 (decimal 377)
   defining Unicode char U+017A (decimal 378)
   defining Unicode char U+017B (decimal 379)
   defining Unicode char U+017C (decimal 380)
   defining Unicode char U+017D (decimal 381)
   defining Unicode char U+017E (decimal 382)
   defining Unicode char U+01CD (decimal 461)
   defining Unicode char U+01CE (decimal 462)
   defining Unicode char U+01CF (decimal 463)
   defining Unicode char U+01D0 (decimal 464)
   defining Unicode char U+01D1 (decimal 465)
   defining Unicode char U+01D2 (decimal 466)
   defining Unicode char U+01D3 (decimal 467)
   defining Unicode char U+01D4 (decimal 468)
   defining Unicode char U+01E2 (decimal 482)
   defining Unicode char U+01E3 (decimal 483)
   defining Unicode char U+01E6 (decimal 486)
   defining Unicode char U+01E7 (decimal 487)
   defining Unicode char U+01E8 (decimal 488)
   defining Unicode char U+01E9 (decimal 489)
   defining Unicode char U+01EA (decimal 490)
   defining Unicode char U+01EB (decimal 491)
   defining Unicode char U+01F0 (decimal 496)
   defining Unicode char U+01F4 (decimal 500)
   defining Unicode char U+01F5 (decimal 501)
   defining Unicode char U+0218 (decimal 536)
   defining Unicode char U+0219 (decimal 537)
   defining Unicode char U+021A (decimal 538)
   defining Unicode char U+021B (decimal 539)
   defining Unicode char U+0232 (decimal 562)
   defining Unicode char U+0233 (decimal 563)
   defining Unicode char U+1E02 (decimal 7682)
   defining Unicode char U+1E03 (decimal 7683)
   defining Unicode char U+200C (decimal 8204)
   defining Unicode char U+2010 (decimal 8208)
   defining Unicode char U+2011 (decimal 8209)
   defining Unicode char U+2012 (decimal 8210)
   defining Unicode char U+2013 (decimal 8211)
   defining Unicode char U+2014 (decimal 8212)
   defining Unicode char U+2015 (decimal 8213)
   defining Unicode char U+2018 (decimal 8216)
   defining Unicode char U+2019 (decimal 8217)
   defining Unicode char U+201A (decimal 8218)
   defining Unicode char U+201C (decimal 8220)
   defining Unicode char U+201D (decimal 8221)
   defining Unicode char U+201E (decimal 8222)
   defining Unicode char U+2030 (decimal 8240)
   defining Unicode char U+2031 (decimal 8241)
   defining Unicode char U+2039 (decimal 8249)
   defining Unicode char U+203A (decimal 8250)
   defining Unicode char U+2423 (decimal 9251)
   defining Unicode char U+1E20 (decimal 7712)
   defining Unicode char U+1E21 (decimal 7713)
)
Now handling font encoding OT1 ...
... processing UTF-8 mapping file for font encoding OT1

(/usr/share/texlive/texmf-dist/tex/latex/base/ot1enc.dfu
File: ot1enc.dfu 2017/01/28 v1.1t UTF-8 support for inputenc
   defining Unicode char U+00A0 (decimal 160)
   defining Unicode char U+00A1 (decimal 161)
   defining Unicode char U+00A3 (decimal 163)
   defining Unicode char U+00AD (decimal 173)
   defining Unicode char U+00B8 (decimal 184)
   defining Unicode char U+00BF (decimal 191)
   defining Unicode char U+00C5 (decimal 197)
   defining Unicode char U+00C6 (decimal 198)
   defining Unicode char U+00D8 (decimal 216)
   defining Unicode char U+00DF (decimal 223)
   defining Unicode char U+00E6 (decimal 230)
   defining Unicode char U+00EC (decimal 236)
   defining Unicode char U+00ED (decimal 237)
   defining Unicode char U+00EE (decimal 238)
   defining Unicode char U+00EF (decimal 239)
   defining Unicode char U+00F8 (decimal 248)
   defining Unicode char U+0131 (decimal 305)
   defining Unicode char U+0141 (decimal 321)
   defining Unicode char U+0142 (decimal 322)
   defining Unicode char U+0152 (decimal 338)
   defining Unicode char U+0153 (decimal 339)
   defining Unicode char U+0174 (decimal 372)
   defining Unicode char U+0175 (decimal 373)
   defining Unicode char U+0176 (decimal 374)
   defining Unicode char U+0177 (decimal 375)
   defining Unicode char U+0218 (decimal 536)
   defining Unicode char U+0219 (decimal 537)
   defining Unicode char U+021A (decimal 538)
   defining Unicode char U+021B (decimal 539)
   defining Unicode char U+2013 (decimal 8211)
   defining Unicode char U+2014 (decimal 8212)
   defining Unicode char U+2018 (decimal 8216)
   defining Unicode char U+2019 (decimal 8217)
   defining Unicode char U+201C (decimal 8220)
   defining Unicode char U+201D (decimal 8221)
)
Now handling font encoding OMS ...
... processing UTF-8 mapping file for font encoding OMS

(/usr/share/texlive/texmf-dist/tex/latex/base/omsenc.dfu
File: omsenc.dfu 2017/01/28 v1.1t UTF-8 support for inputenc
   defining Unicode char U+00A7 (decimal 167)
   defining Unicode char U+00B6 (decimal 182)
   defining Unicode char U+00B7 (decimal 183)
   defining Unicode char U+2020 (decimal 8224)
   defining Unicode char U+2021 (decimal 8225)
   defining Unicode char U+2022 (decimal 8226)
)
Now handling font encoding OMX ...
... no UTF-8 mapping file for font encoding OMX
Now handling font encoding U ...
... no UTF-8 mapping file for font encoding U
Now handling font encoding T2A ...
... processing UTF-8 mapping file for font encoding T2A

(/usr/share/texlive/texmf-dist/tex/latex/base/t2aenc.dfu
File: t2aenc.dfu 2017/01/28 v1.1t UTF-8 support for inputenc
   defining Unicode char U+00A4 (decimal 164)
   defining Unicode char U+00A7 (decimal 167)
   defining Unicode char U+00AB (decimal 171)
   defining Unicode char U+00BB (decimal 187)
   defining Unicode char U+0131 (decimal 305)
   defining Unicode char U+0400 (decimal 1024)
   defining Unicode char U+0401 (decimal 1025)
   defining Unicode char U+0402 (decimal 1026)
   defining Unicode char U+0403 (decimal 1027)
   defining Unicode char U+0404 (decimal 1028)
   defining Unicode char U+0405 (decimal 1029)
   defining Unicode char U+0406 (decimal 1030)
   defining Unicode char U+0407 (decimal 1031)
   defining Unicode char U+0408 (decimal 1032)
   defining Unicode char U+0409 (decimal 1033)
   defining Unicode char U+040A (decimal 1034)
   defining Unicode char U+040B (decimal 1035)
   defining Unicode char U+040C (decimal 1036)
   defining Unicode char U+040D (decimal 1037)
   defining Unicode char U+040E (decimal 1038)
   defining Unicode char U+040F (decimal 1039)
   defining Unicode char U+0410 (decimal 1040)
   defining Unicode char U+0411 (decimal 1041)
   defining Unicode char U+0412 (decimal 1042)
   defining Unicode char U+0413 (decimal 1043)
   defining Unicode char U+0414 (decimal 1044)
   defining Unicode char U+0415 (decimal 1045)
   defining Unicode char U+0416 (decimal 1046)
   defining Unicode char U+0417 (decimal 1047)
   defining Unicode char U+0418 (decimal 1048)
   defining Unicode char U+0419 (decimal 1049)
   defining Unicode char U+041A (decimal 1050)
   defining Unicode char U+041B (decimal 1051)
   defining Unicode char U+041C (decimal 1052)
   defining Unicode char U+041D (decimal 1053)
   defining Unicode char U+041E (decimal 1054)
   defining Unicode char U+041F (decimal 1055)
   defining Unicode char U+0420 (decimal 1056)
   defining Unicode char U+0421 (decimal 1057)
   defining Unicode char U+0422 (decimal 1058)
   defining Unicode char U+0423 (decimal 1059)
   defining Unicode char U+0424 (decimal 1060)
   defining Unicode char U+0425 (decimal 1061)
   defining Unicode char U+0426 (decimal 1062)
   defining Unicode char U+0427 (decimal 1063)
   defining Unicode char U+0428 (decimal 1064)
   defining Unicode char U+0429 (decimal 1065)
   defining Unicode char U+042A (decimal 1066)
   defining Unicode char U+042B (decimal 1067)
   defining Unicode char U+042C (decimal 1068)
   defining Unicode char U+042D (decimal 1069)
   defining Unicode char U+042E (decimal 1070)
   defining Unicode char U+042F (decimal 1071)
   defining Unicode char U+0430 (decimal 1072)
   defining Unicode char U+0431 (decimal 1073)
   defining Unicode char U+0432 (decimal 1074)
   defining Unicode char U+0433 (decimal 1075)
   defining Unicode char U+0434 (decimal 1076)
   defining Unicode char U+0435 (decimal 1077)
   defining Unicode char U+0436 (decimal 1078)
   defining Unicode char U+0437 (decimal 1079)
   defining Unicode char U+0438 (decimal 1080)
   defining Unicode char U+0439 (decimal 1081)
   defining Unicode char U+043A (decimal 1082)
   defining Unicode char U+043B (decimal 1083)
   defining Unicode char U+043C (decimal 1084)
   defining Unicode char U+043D (decimal 1085)
   defining Unicode char U+043E (decimal 1086)
   defining Unicode char U+043F (decimal 1087)
   defining Unicode char U+0440 (decimal 1088)
   defining Unicode char U+0441 (decimal 1089)
   defining Unicode char U+0442 (decimal 1090)
   defining Unicode char U+0443 (decimal 1091)
   defining Unicode char U+0444 (decimal 1092)
   defining Unicode char U+0445 (decimal 1093)
   defining Unicode char U+0446 (decimal 1094)
   defining Unicode char U+0447 (decimal 1095)
   defining Unicode char U+0448 (decimal 1096)
   defining Unicode char U+0449 (decimal 1097)
   defining Unicode char U+044A (decimal 1098)
   defining Unicode char U+044B (decimal 1099)
   defining Unicode char U+044C (decimal 1100)
   defining Unicode char U+044D (decimal 1101)
   defining Unicode char U+044E (decimal 1102)
   defining Unicode char U+044F (decimal 1103)
   defining Unicode char U+0450 (decimal 1104)
   defining Unicode char U+0451 (decimal 1105)
   defining Unicode char U+0452 (decimal 1106)
   defining Unicode char U+0453 (decimal 1107)
   defining Unicode char U+0454 (decimal 1108)
   defining Unicode char U+0455 (decimal 1109)
   defining Unicode char U+0456 (decimal 1110)
   defining Unicode char U+0457 (decimal 1111)
   defining Unicode char U+0458 (decimal 1112)
   defining Unicode char U+0459 (decimal 1113)
   defining Unicode char U+045A (decimal 1114)
   defining Unicode char U+045B (decimal 1115)
   defining Unicode char U+045C (decimal 1116)
   defining Unicode char U+045D (decimal 1117)
   defining Unicode char U+045E (decimal 1118)
   defining Unicode char U+045F (decimal 1119)
   defining Unicode char U+0490 (decimal 1168)
   defining Unicode char U+0491 (decimal 1169)
   defining Unicode char U+0492 (decimal 1170)
   defining Unicode char U+0493 (decimal 1171)
   defining Unicode char U+0496 (decimal 1174)
   defining Unicode char U+0497 (decimal 1175)
   defining Unicode char U+0498 (decimal 1176)
   defining Unicode char U+0499 (decimal 1177)
   defining Unicode char U+049A (decimal 1178)
   defining Unicode char U+049B (decimal 1179)
   defining Unicode char U+049C (decimal 1180)
   defining Unicode char U+049D (decimal 1181)
   defining Unicode char U+04A0 (decimal 1184)
   defining Unicode char U+04A1 (decimal 1185)
   defining Unicode char U+04A2 (decimal 1186)
   defining Unicode char U+04A3 (decimal 1187)
   defining Unicode char U+04A4 (decimal 1188)
   defining Unicode char U+04A5 (decimal 1189)
   defining Unicode char U+04AA (decimal 1194)
   defining Unicode char U+04AB (decimal 1195)
   defining Unicode char U+04AE (decimal 1198)
   defining Unicode char U+04AF (decimal 1199)
   defining Unicode char U+04B0 (decimal 1200)
   defining Unicode char U+04B1 (decimal 1201)
   defining Unicode char U+04B2 (decimal 1202)
   defining Unicode char U+04B3 (decimal 1203)
   defining Unicode char U+04B6 (decimal 1206)
   defining Unicode char U+04B7 (decimal 1207)
   defining Unicode char U+04B8 (decimal 1208)
   defining Unicode char U+04B9 (decimal 1209)
   defining Unicode char U+04BA (decimal 1210)
   defining Unicode char U+04BB (decimal 1211)
   defining Unicode char U+04C0 (decimal 1216)
   defining Unicode char U+04C1 (decimal 1217)
   defining Unicode char U+04C2 (decimal 1218)
   defining Unicode char U+04D0 (decimal 1232)
   defining Unicode char U+04D1 (decimal 1233)
   defining Unicode char U+04D2 (decimal 1234)
   defining Unicode char U+04D3 (decimal 1235)
   defining Unicode char U+04D4 (decimal 1236)
   defining Unicode char U+04D5 (decimal 1237)
   defining Unicode char U+04D6 (decimal 1238)
   defining Unicode char U+04D7 (decimal 1239)
   defining Unicode char U+04D8 (decimal 1240)
   defining Unicode char U+04D9 (decimal 1241)
   defining Unicode char U+04DA (decimal 1242)
   defining Unicode char U+04DB (decimal 1243)
   defining Unicode char U+04DC (decimal 1244)
   defining Unicode char U+04DD (decimal 1245)
   defining Unicode char U+04DE (decimal 1246)
   defining Unicode char U+04DF (decimal 1247)
   defining Unicode char U+04E2 (decimal 1250)
   defining Unicode char U+04E3 (decimal 1251)
   defining Unicode char U+04E4 (decimal 1252)
   defining Unicode char U+04E5 (decimal 1253)
   defining Unicode char U+04E6 (decimal 1254)
   defining Unicode char U+04E7 (decimal 1255)
   defining Unicode char U+04E8 (decimal 1256)
   defining Unicode char U+04E9 (decimal 1257)
   defining Unicode char U+04EC (decimal 1260)
   defining Unicode char U+04ED (decimal 1261)
   defining Unicode char U+04EE (decimal 1262)
   defining Unicode char U+04EF (decimal 1263)
   defining Unicode char U+04F0 (decimal 1264)
   defining Unicode char U+04F1 (decimal 1265)
   defining Unicode char U+04F2 (decimal 1266)
   defining Unicode char U+04F3 (decimal 1267)
   defining Unicode char U+04F4 (decimal 1268)
   defining Unicode char U+04F5 (decimal 1269)
   defining Unicode char U+04F8 (decimal 1272)
   defining Unicode char U+04F9 (decimal 1273)
   defining Unicode char U+200C (decimal 8204)
   defining Unicode char U+2013 (decimal 8211)
   defining Unicode char U+2014 (decimal 8212)
   defining Unicode char U+2018 (decimal 8216)
   defining Unicode char U+2019 (decimal 8217)
   defining Unicode char U+201C (decimal 8220)
   defining Unicode char U+201D (decimal 8221)
   defining Unicode char U+201E (decimal 8222)
   defining Unicode char U+2030 (decimal 8240)
   defining Unicode char U+2031 (decimal 8241)
   defining Unicode char U+2116 (decimal 8470)
   defining Unicode char U+2329 (decimal 9001)
   defining Unicode char U+232A (decimal 9002)
   defining Unicode char U+2423 (decimal 9251)
)
   defining Unicode char U+00A9 (decimal 169)
   defining Unicode char U+00AA (decimal 170)
   defining Unicode char U+00AE (decimal 174)
   defining Unicode char U+00BA (decimal 186)
   defining Unicode char U+02C6 (decimal 710)
   defining Unicode char U+02DC (decimal 732)
   defining Unicode char U+200C (decimal 8204)
   defining Unicode char U+2026 (decimal 8230)
   defining Unicode char U+2122 (decimal 8482)
   defining Unicode char U+2423 (decimal 9251)
))
(/usr/share/texlive/texmf-dist/tex/generic/babel/babel.sty
Package: babel 2016/04/23 3.9r The Babel package

(/usr/share/texlive/texmf-dist/tex/generic/babel-english/english.ldf
Language: english 2012/08/20 v3.3p English support from the babel system

(/usr/share/texlive/texmf-dist/tex/generic/babel/babel.def
File: babel.def 2016/04/23 3.9r Babel common definitions
\babel@savecnt=\count117
\U@D=\dimen133
)
\l@canadian = a dialect from \language\l@american 
\l@australian = a dialect from \language\l@british 
\l@newzealand = a dialect from \language\l@british 
)
(/usr/share/texlive/texmf-dist/tex/generic/babel-russian/russianb.ldf
Language: russianb 2017/01/12 1.3i Russian support for the Babel system
Package babel Info: Making " an active character on input line 111.
))
(/usr/share/texlive/texmf-dist/tex/latex/tools/indentfirst.sty
Package: indentfirst 1995/11/23 v1.03 Indent first paragraph (DPC)
)
(/usr/share/texlive/texmf-dist/tex/latex/graphics/color.sty
Package: color 2016/07/10 v1.1e Standard LaTeX Color (DPC)

(/usr/share/texlive/texmf-dist/tex/latex/graphics-cfg/color.cfg
File: color.cfg 2016/01/02 v1.6 sample color configuration
)
Package color Info: Driver file: pdftex.def on input line 147.

(/usr/share/texlive/texmf-dist/tex/latex/graphics/dvipsnam.def
File: dvipsnam.def 2016/06/17 v3.0m Driver-dependent file (DPC,SPQR)
))
(/usr/share/texlive/texmf-dist/tex/latex/colortbl/colortbl.sty
Package: colortbl 2012/02/13 v1.0a Color table columns (DPC)

(/usr/share/texlive/texmf-dist/tex/latex/tools/array.sty
Package: array 2016/10/06 v2.4d Tabular extension package (FMi)
\col@sep=\dimen134
\extrarowheight=\dimen135
\NC@list=\toks31
\extratabsurround=\skip55
\backup@length=\skip56
)
\everycr=\toks32
\minrowclearance=\skip57
)
(/usr/share/texlive/texmf-dist/tex/latex/tools/longtable.sty
Package: longtable 2014/10/28 v4.11 Multi-page Table package (DPC)
\LTleft=\skip58
\LTright=\skip59
\LTpre=\skip60
\LTpost=\skip61
\LTchunksize=\count118
\LTcapwidth=\dimen136
\LT@head=\box28
\LT@firsthead=\box29
\LT@foot=\box30
\LT@lastfoot=\box31
\LT@cols=\count119
\LT@rows=\count120
\c@LT@tables=\count121
\c@LT@chunks=\count122
\LT@p@ftn=\toks33
)
(/usr/share/texlive/texmf-dist/tex/latex/multirow/multirow.sty
Package: multirow 2016/11/25 v2.2 Span multiple rows of a table
\multirow@colwidth=\skip62
\multirow@cntb=\count123
\multirow@dima=\skip63
\bigstrutjot=\dimen137
)
(/usr/share/texlive/texmf-dist/tex/latex/makecell/makecell.sty
Package: makecell 2009/08/03 V0.1e Managing of Tab Column Heads and Cells
\rotheadsize=\dimen138
\c@nlinenum=\count124
\TeXr@lab=\toks34
)
(/usr/share/texlive/texmf-dist/tex/latex/booktabs/booktabs.sty
Package: booktabs 2016/04/27 v1.618033 publication quality tables
\heavyrulewidth=\dimen139
\lightrulewidth=\dimen140
\cmidrulewidth=\dimen141
\belowrulesep=\dimen142
\belowbottomsep=\dimen143
\aboverulesep=\dimen144
\abovetopsep=\dimen145
\cmidrulesep=\dimen146
\cmidrulekern=\dimen147
\defaultaddspace=\dimen148
\@cmidla=\count125
\@cmidlb=\count126
\@aboverulesep=\dimen149
\@belowrulesep=\dimen150
\@thisruleclass=\count127
\@lastruleclass=\count128
\@thisrulewidth=\dimen151
)
(/usr/share/texlive/texmf-dist/tex/generic/oberdiek/soulutf8.sty
Package: soulutf8 2016/05/16 v1.1 Permit use of UTF-8 characters in soul (HO)

(/usr/share/texlive/texmf-dist/tex/latex/soul/soul.sty
Package: soul 2003/11/17 v2.4 letterspacing/underlining (mf)
\SOUL@word=\toks35
\SOUL@lasttoken=\toks36
\SOUL@cmds=\toks37
\SOUL@buffer=\toks38
\SOUL@token=\toks39
\SOUL@spaceskip=\skip64
\SOUL@ttwidth=\dimen152
\SOUL@uldp=\dimen153
\SOUL@ulht=\dimen154
)
(/usr/share/texlive/texmf-dist/tex/generic/oberdiek/etexcmds.sty
Package: etexcmds 2016/05/16 v1.6 Avoid name clashes with e-TeX commands (HO)

(/usr/share/texlive/texmf-dist/tex/generic/oberdiek/ifluatex.sty
Package: ifluatex 2016/05/16 v1.4 Provides the ifluatex switch (HO)
Package ifluatex Info: LuaTeX not detected.
)
Package etexcmds Info: Could not find \expanded.
(etexcmds)             That can mean that you are not using pdfTeX 1.50 or
(etexcmds)             that some package has redefined \expanded.
(etexcmds)             In the latter case, load this package earlier.
))
(/usr/share/texlive/texmf-dist/tex/latex/was/icomma.sty
Package: icomma 2002/03/10 v2.0 (WaS)
)
(/usr/share/texlive/texmf-dist/tex/latex/hyperref/hyperref.sty
Package: hyperref 2016/06/24 v6.83q Hypertext links for LaTeX

(/usr/share/texlive/texmf-dist/tex/generic/oberdiek/hobsub-hyperref.sty
Package: hobsub-hyperref 2016/05/16 v1.14 Bundle oberdiek, subset hyperref (HO)


(/usr/share/texlive/texmf-dist/tex/generic/oberdiek/hobsub-generic.sty
Package: hobsub-generic 2016/05/16 v1.14 Bundle oberdiek, subset generic (HO)
Package: hobsub 2016/05/16 v1.14 Construct package bundles (HO)
Package hobsub Info: Skipping package `infwarerr' (already loaded).
Package hobsub Info: Skipping package `ltxcmds' (already loaded).
Package hobsub Info: Skipping package `ifluatex' (already loaded).
Package hobsub Info: Skipping package `ifvtex' (already loaded).
Package: intcalc 2016/05/16 v1.2 Expandable calculations with integers (HO)
Package hobsub Info: Skipping package `ifpdf' (already loaded).
Package hobsub Info: Skipping package `etexcmds' (already loaded).
Package: kvsetkeys 2016/05/16 v1.17 Key value parser (HO)
Package: kvdefinekeys 2016/05/16 v1.4 Define keys (HO)
Package: pdftexcmds 2016/05/21 v0.22 Utility functions of pdfTeX for LuaTeX (HO
)
Package pdftexcmds Info: LuaTeX not detected.
Package pdftexcmds Info: \pdf@primitive is available.
Package pdftexcmds Info: \pdf@ifprimitive is available.
Package pdftexcmds Info: \pdfdraftmode found.
Package: pdfescape 2016/05/16 v1.14 Implements pdfTeX's escape features (HO)
Package: bigintcalc 2016/05/16 v1.4 Expandable calculations on big integers (HO
)
Package: bitset 2016/05/16 v1.2 Handle bit-vector datatype (HO)
Package: uniquecounter 2016/05/16 v1.3 Provide unlimited unique counter (HO)
)
Package hobsub Info: Skipping package `hobsub' (already loaded).
Package: letltxmacro 2016/05/16 v1.5 Let assignment for LaTeX macros (HO)
Package: hopatch 2016/05/16 v1.3 Wrapper for package hooks (HO)
Package: xcolor-patch 2016/05/16 xcolor patch
Package: atveryend 2016/05/16 v1.9 Hooks at the very end of document (HO)
Package atveryend Info: \enddocument detected (standard20110627).
Package: atbegshi 2016/06/09 v1.18 At begin shipout hook (HO)
Package: refcount 2016/05/16 v3.5 Data extraction from label references (HO)
Package: hycolor 2016/05/16 v1.8 Color options for hyperref/bookmark (HO)
)
(/usr/share/texlive/texmf-dist/tex/latex/oberdiek/auxhook.sty
Package: auxhook 2016/05/16 v1.4 Hooks for auxiliary files (HO)
)
(/usr/share/texlive/texmf-dist/tex/latex/oberdiek/kvoptions.sty
Package: kvoptions 2016/05/16 v3.12 Key value format for package options (HO)
)
\@linkdim=\dimen155
\Hy@linkcounter=\count129
\Hy@pagecounter=\count130

(/usr/share/texlive/texmf-dist/tex/latex/hyperref/pd1enc.def
File: pd1enc.def 2016/06/24 v6.83q Hyperref: PDFDocEncoding definition (HO)
Now handling font encoding PD1 ...
... no UTF-8 mapping file for font encoding PD1
)
\Hy@SavedSpaceFactor=\count131
Package hyperref Info: Option `unicode' set `true' on input line 3453.

(/usr/share/texlive/texmf-dist/tex/latex/hyperref/puenc.def
File: puenc.def 2016/06/24 v6.83q Hyperref: PDF Unicode definition (HO)
Now handling font encoding PU ...
... no UTF-8 mapping file for font encoding PU
)
(/usr/share/texlive/texmf-dist/tex/latex/latexconfig/hyperref.cfg
File: hyperref.cfg 2002/06/06 v1.2 hyperref configuration of TeXLive
)
Package hyperref Info: Hyper figures OFF on input line 4486.
Package hyperref Info: Link nesting OFF on input line 4491.
Package hyperref Info: Hyper index ON on input line 4494.
Package hyperref Info: Plain pages OFF on input line 4501.
Package hyperref Info: Backreferencing OFF on input line 4506.
Package hyperref Info: Implicit mode ON; LaTeX internals redefined.
Package hyperref Info: Bookmarks ON on input line 4735.
\c@Hy@tempcnt=\count132

(/usr/share/texlive/texmf-dist/tex/latex/url/url.sty
\Urlmuskip=\muskip11
Package: url 2013/09/16  ver 3.4  Verb mode for urls, etc.
)
LaTeX Info: Redefining \url on input line 5088.
\XeTeXLinkMargin=\dimen156
\Fld@menulength=\count133
\Field@Width=\dimen157
\Fld@charsize=\dimen158
Package hyperref Info: Hyper figures OFF on input line 6342.
Package hyperref Info: Link nesting OFF on input line 6347.
Package hyperref Info: Hyper index ON on input line 6350.
Package hyperref Info: backreferencing OFF on input line 6357.
Package hyperref Info: Link coloring OFF on input line 6362.
Package hyperref Info: Link coloring with OCG OFF on input line 6367.
Package hyperref Info: PDF/A mode OFF on input line 6372.
LaTeX Info: Redefining \ref on input line 6412.
LaTeX Info: Redefining \pageref on input line 6416.
\Hy@abspage=\count134
\c@Item=\count135
\c@Hfootnote=\count136
)

Package hyperref Message: Driver (autodetected): hpdftex.

(/usr/share/texlive/texmf-dist/tex/latex/hyperref/hpdftex.def
File: hpdftex.def 2016/06/24 v6.83q Hyperref driver for pdfTeX
\Fld@listcount=\count137
\c@bookmark@seq@number=\count138

(/usr/share/texlive/texmf-dist/tex/latex/oberdiek/rerunfilecheck.sty
Package: rerunfilecheck 2016/05/16 v1.8 Rerun checks for auxiliary files (HO)
Package uniquecounter Info: New unique counter `rerunfilecheck' on input line 2
82.
)
\Hy@SectionHShift=\skip65
)
(/usr/share/texlive/texmf-dist/tex/latex/graphics/graphicx.sty
Package: graphicx 2014/10/28 v1.0g Enhanced LaTeX Graphics (DPC,SPQR)
\Gin@req@height=\dimen159
\Gin@req@width=\dimen160
)
(/usr/share/texlive/texmf-dist/tex/latex/enumitem/enumitem.sty
Package: enumitem 2011/09/28 v3.5.2 Customized lists
\labelindent=\skip66
\enit@outerparindent=\dimen161
\enit@toks=\toks40
\enit@inbox=\box32
\enitdp@description=\count139
)
(/usr/share/texlive/texmf-dist/tex/latex/caption/caption.sty
Package: caption 2016/02/21 v3.3-144 Customizing captions (AR)

(/usr/share/texlive/texmf-dist/tex/latex/caption/caption3.sty
Package: caption3 2016/05/22 v1.7-166 caption3 kernel (AR)
Package caption3 Info: TeX engine: e-TeX on input line 67.
\captionmargin=\dimen162
\captionmargin@=\dimen163
\captionwidth=\dimen164
\caption@tempdima=\dimen165
\caption@indent=\dimen166
\caption@parindent=\dimen167
\caption@hangindent=\dimen168
)
\c@ContinuedFloat=\count140
Package caption Info: hyperref package is loaded.
Package caption Info: longtable package is loaded.

(/usr/share/texlive/texmf-dist/tex/latex/caption/ltcaption.sty
Package: ltcaption 2013/06/09 v1.4-94 longtable captions (AR)
))
(/usr/share/texlive/texmf-dist/tex/latex/caption/subcaption.sty
Package: subcaption 2016/05/22 v1.1-161 Sub-captions (AR)
\c@subfigure=\count141
\c@subtable=\count142
)
(/usr/share/texlive/texmf-dist/tex/latex/setspace/setspace.sty
Package: setspace 2011/12/19 v6.7a set line spacing
)
(/usr/share/texlive/texmf-dist/tex/latex/caption/totalcount.sty
Package: totalcount 2013/05/12 v1.0-92 Total values of counters (AR)
\c@totalcount@figure=\count143
\c@totalcount@table=\count144
)
(/usr/share/texlive/texmf-dist/tex/latex/totcount/totcount.sty
Package: totcount 2011/01/25 v1.2 package for gettingthe total value of LaTeX c
ounters
)
(/usr/share/texlive/texmf-dist/tex/latex/totpages/totpages.sty
Package: totpages 2005/09/19 v2.00 Totpages Package (muewi)

(/usr/share/texlive/texmf-dist/tex/latex/ms/everyshi.sty
Package: everyshi 2001/05/15 v3.00 EveryShipout Package (MS)
))) (./dispackages.tex
(/usr/share/texlive/texmf-dist/tex/latex/fancyhdr/fancyhdr.sty
Package: fancyhdr 2016/09/06 3.8 Extensive control of page headers and footers
\fancy@headwidth=\skip67
\f@ncyO@elh=\skip68
\f@ncyO@erh=\skip69
\f@ncyO@olh=\skip70
\f@ncyO@orh=\skip71
\f@ncyO@elf=\skip72
\f@ncyO@erf=\skip73
\f@ncyO@olf=\skip74
\f@ncyO@orf=\skip75
)
(/usr/share/texlive/texmf-dist/tex/latex/interfaces/interfaces-base.sty
Package: interfaces-base 2011/02/19 v3.1 Interfaces core system layer (FC)

(/usr/share/texlive/texmf-dist/tex/latex/etex-pkg/etex.sty
Package: etex 2016/08/01 v2.7 eTeX basic definition package (PEB,DPC)
\et@xins=\count145
)
(/usr/share/texlive/texmf-dist/tex/latex/etoolbox/etoolbox.sty
Package: etoolbox 2017/01/02 v2.4 e-TeX tools for LaTeX (JAW)
\etb@tempcnta=\count146
)
(/usr/share/texlive/texmf-dist/tex/latex/pgf/utilities/pgfkeys.sty
(/usr/share/texlive/texmf-dist/tex/generic/pgf/utilities/pgfkeys.code.tex
\pgfkeys@pathtoks=\toks41
\pgfkeys@temptoks=\toks42

(/usr/share/texlive/texmf-dist/tex/generic/pgf/utilities/pgfkeysfiltered.code.t
ex
\pgfkeys@tmptoks=\toks43
))) (/usr/share/texlive/texmf-dist/tex/latex/koma-script/scrlfile.sty
Package: scrlfile 2016/06/14 v3.21 KOMA-Script package (loading files)

Package scrlfile, 2016/06/14 v3.21 KOMA-Script package (loading files)
                  Copyright (C) Markus Kohm

)
\itf@sk=\skip76
\itf@musk=\muskip12
\itf@tk=\toks44
\itf@cnt=\count147
\itf@calc@Askip=\skip77
\itf@calc@Bskip=\skip78
) (/usr/share/texlive/texmf-dist/tex/latex/interfaces/interfaces-etoolbox.sty
Package: interfaces-etoolbox 2011/02/19 v3.1 more etoolbox-like commands (FC)
) (/usr/share/texlive/texmf-dist/tex/latex/interfaces/interfaces-scrlfile.sty
Package: interfaces-scrlfile 2011/02/19 v3.1 scrlfile hooks improved (FC)
)
(/usr/share/texlive/texmf-dist/tex/latex/interfaces/interfaces-pgfkeys.sty
Package: interfaces-pgfkeys 2011/02/19 v3.1 pgfkeys handlers definitions (FC)
)
(/usr/share/texlive/texmf-dist/tex/latex/interfaces/interfaces-tikz.sty
Package: interfaces-tikz 2011/02/19 v3.1 load tikz libraries easily (FC)
)
(/usr/share/texlive/texmf-dist/tex/latex/interfaces/interfaces-umrand.sty
Package: interfaces-umrand 2011/02/19 v3.1 patch for umrand.sty ifnotempty (FC)

)
(/usr/share/texlive/texmf-dist/tex/latex/titlesec/titlesec.sty
Package: titlesec 2016/03/21 v2.10.2 Sectioning titles
\ttl@box=\box33
\beforetitleunit=\skip79
\aftertitleunit=\skip80
\ttl@plus=\dimen169
\ttl@minus=\dimen170
\ttl@toksa=\toks45
\titlewidth=\dimen171
\titlewidthlast=\dimen172
\titlewidthfirst=\dimen173
)
(/usr/share/texlive/texmf-dist/tex/latex/tocloft/tocloft.sty
Package: tocloft 2013/05/02 v2.3f parameterised ToC, etc., typesetting
Package tocloft Info: The document has chapter divisions on input line 44.
\cftparskip=\skip81
\cftbeforetoctitleskip=\skip82
\cftaftertoctitleskip=\skip83
\cftbeforepartskip=\skip84
\cftpartnumwidth=\skip85
\cftpartindent=\skip86
\cftbeforechapskip=\skip87
\cftchapindent=\skip88
\cftchapnumwidth=\skip89
\cftbeforesecskip=\skip90
\cftsecindent=\skip91
\cftsecnumwidth=\skip92
\cftbeforesubsecskip=\skip93
\cftsubsecindent=\skip94
\cftsubsecnumwidth=\skip95
\cftbeforesubsubsecskip=\skip96
\cftsubsubsecindent=\skip97
\cftsubsubsecnumwidth=\skip98
\cftbeforeparaskip=\skip99
\cftparaindent=\skip100
\cftparanumwidth=\skip101
\cftbeforesubparaskip=\skip102
\cftsubparaindent=\skip103
\cftsubparanumwidth=\skip104
\cftbeforeloftitleskip=\skip105
\cftafterloftitleskip=\skip106
\cftbeforefigskip=\skip107
\cftfigindent=\skip108
\cftfignumwidth=\skip109
\c@lofdepth=\count148
\c@lotdepth=\count149
\cftbeforelottitleskip=\skip110
\cftafterlottitleskip=\skip111
\cftbeforetabskip=\skip112
\cfttabindent=\skip113
\cfttabnumwidth=\skip114
)
(/usr/share/texlive/texmf-dist/tex/latex/chngcntr/chngcntr.sty
Package: chngcntr 2009/09/02 v1.0a change counter resetting
))
(./userpackages.tex (/usr/share/texlive/texmf-dist/tex/latex/tools/tabularx.sty
Package: tabularx 2016/02/03 v2.11 `tabularx' package (DPC)
\TX@col@width=\dimen174
\TX@old@table=\dimen175
\TX@old@col=\dimen176
\TX@target=\dimen177
\TX@delta=\dimen178
\TX@cols=\count150
\TX@ftn=\toks46
) (/usr/share/texlive/texmf-dist/tex/latex/tabulary/tabulary.sty
Package: tabulary 2014/06/11 v0.10 tabulary package (DPC)
\TY@count=\count151
\TY@linewidth=\dimen179
\tymin=\dimen180
\tymax=\dimen181
\TY@tablewidth=\dimen182
)
(/usr/share/texlive/texmf-dist/tex/latex/fancyvrb/fancyvrb.sty
Package: fancyvrb 2008/02/07

Style option: `fancyvrb' v2.7a, with DG/SPQR fixes, and firstline=lastline fix 
<2008/02/07> (tvz)
\FV@CodeLineNo=\count152
\FV@InFile=\read1
\FV@TabBox=\box34
\c@FancyVerbLine=\count153
\FV@StepNumber=\count154
\FV@OutFile=\write3
)
(/usr/share/texlive/texmf-dist/tex/latex/listings/listings.sty
\lst@mode=\count155
\lst@gtempboxa=\box35
\lst@token=\toks47
\lst@length=\count156
\lst@currlwidth=\dimen183
\lst@column=\count157
\lst@pos=\count158
\lst@lostspace=\dimen184
\lst@width=\dimen185
\lst@newlines=\count159
\lst@lineno=\count160
\lst@maxwidth=\dimen186

(/usr/share/texlive/texmf-dist/tex/latex/listings/lstmisc.sty
File: lstmisc.sty 2015/06/04 1.6 (Carsten Heinz)
\c@lstnumber=\count161
\lst@skipnumbers=\count162
\lst@framebox=\box36
)
(/usr/share/texlive/texmf-dist/tex/latex/listings/listings.cfg
File: listings.cfg 2015/06/04 1.6 listings configuration
))
Package: listings 2015/06/04 1.6 (Carsten Heinz)
)
(/usr/share/texlive/texmf-dist/tex/latex/floatrow/floatrow.sty
Package: floatrow 2008/08/02 v0.3b floatrow: float package extension
\c@float@type=\count163
\float@exts=\toks48
\float@box=\box37
\@floatcapt=\box38
Package floatrow Info: Modified float package code loaded on input line 455.
Package floatrow Info: Modified rotfloat package code loaded on input line 473.

\FR@everyfloat=\toks49
\flrow@foot=\insert199
\FB@wd=\dimen187
\FBo@wd=\dimen188
\FBc@wd=\dimen189
\FBo@ht=\skip115
\FBc@ht=\skip116
\FBf@ht=\skip117
\FBo@max=\skip118
\FBc@max=\skip119
\FBf@max=\skip120
\c@FBl@b=\count164
\floatbox@depth=\count165
\c@FRobj=\count166
\c@FRsobj=\count167
\Xhsize=\skip121
\sXhsize=\skip122
\Zhsize=\skip123
\sZhsize=\skip124
\flrow@rowbox=\box39
\FR@Zunitlength=\dimen190
\c@FBcnt=\count168
\FPOScnt=\count169
\LTleft=\skip125
\LTright=\skip126
\LTleft=\skip127
\LTright=\skip128
\flrow@types=\toks50
)
(./preamblenames.tex) (../common/styles.tex
Package hyperref Info: Option `linktocpage' set `true' on input line 78.
Package hyperref Info: Option `plainpages' set `false' on input line 78.
Package hyperref Info: Option `colorlinks' set `true' on input line 78.
) (./disstyles.tex
(/usr/share/texlive/texmf-dist/tex/latex/interfaces/interfaces-titlesec.sty
Package: interfaces-titlesec 2011/02/19 v3.1 pgfkeys macros for titlesec (FC)

(/usr/share/texlive/texmf-dist/tex/generic/oberdiek/gettitlestring.sty
Package: gettitlestring 2016/05/16 v1.5 Cleanup title references (HO)
))
\otstuplen=\skip129

(/usr/share/texlive/texmf-dist/tex/latex/titlesec/block.tss
File: block.tss 2016/03/15
)) (./userstyles.tex
\twless=\skip130
\lmarg=\skip131
\c@ListingEnv=\count170
) (../biblio/bibliopreamble.tex (../biblio/predefined.tex
(/usr/share/texlive/texmf-dist/tex/latex/cite/cite.sty
LaTeX Info: Redefining \cite on input line 302.
LaTeX Info: Redefining \nocite on input line 332.
Package: cite 2015/02/27  v 5.5
)
\c@citenum=\count171
\c@citenum@totc=\count172
)) (../common/data.tex)
(./dissertation.aux
\c@totalcount@figure@totc=\count173
\c@totalcount@table@totc=\count174
\c@TotPages@totc=\count175
)
\openout1 = `dissertation.aux'.

LaTeX Font Info:    Checking defaults for OML/cmm/m/it on input line 16.
LaTeX Font Info:    ... okay on input line 16.
LaTeX Font Info:    Checking defaults for T1/cmr/m/n on input line 16.
LaTeX Font Info:    ... okay on input line 16.
LaTeX Font Info:    Checking defaults for OT1/cmr/m/n on input line 16.
LaTeX Font Info:    ... okay on input line 16.
LaTeX Font Info:    Checking defaults for OMS/cmsy/m/n on input line 16.
LaTeX Font Info:    ... okay on input line 16.
LaTeX Font Info:    Checking defaults for OMX/cmex/m/n on input line 16.
LaTeX Font Info:    ... okay on input line 16.
LaTeX Font Info:    Checking defaults for U/cmr/m/n on input line 16.
LaTeX Font Info:    ... okay on input line 16.
LaTeX Font Info:    Checking defaults for T2A/cmr/m/n on input line 16.
LaTeX Font Info:    ... okay on input line 16.
LaTeX Font Info:    Checking defaults for PD1/pdf/m/n on input line 16.
LaTeX Font Info:    ... okay on input line 16.
LaTeX Font Info:    Checking defaults for PU/pdf/m/n on input line 16.
LaTeX Font Info:    ... okay on input line 16.

(/usr/share/texlive/texmf-dist/tex/context/base/mkii/supp-pdf.mkii
[Loading MPS to PDF converter (version 2006.09.02).]
\scratchcounter=\count176
\scratchdimen=\dimen191
\scratchbox=\box40
\nofMPsegments=\count177
\nofMParguments=\count178
\everyMPshowfont=\toks51
\MPscratchCnt=\count179
\MPscratchDim=\dimen192
\MPnumerator=\count180
\makeMPintoPDFobject=\count181
\everyMPtoPDFconversion=\toks52
) (/usr/share/texlive/texmf-dist/tex/latex/oberdiek/epstopdf-base.sty
Package: epstopdf-base 2016/05/15 v2.6 Base part for package epstopdf

(/usr/share/texlive/texmf-dist/tex/latex/oberdiek/grfext.sty
Package: grfext 2016/05/16 v1.2 Manage graphics extensions (HO)
)
Package epstopdf-base Info: Redefining graphics rule for `.eps' on input line 4
38.
Package grfext Info: Graphics extension search list:
(grfext)             [.png,.pdf,.jpg,.mps,.jpeg,.jbig2,.jb2,.PNG,.PDF,.JPG,.JPE
G,.JBIG2,.JB2,.eps]
(grfext)             \AppendGraphicsExtensions on input line 456.

(/usr/share/texlive/texmf-dist/tex/latex/latexconfig/epstopdf-sys.cfg
File: epstopdf-sys.cfg 2010/07/13 v1.3 Configuration of (r)epstopdf for TeX Liv
e
))
*geometry* driver: auto-detecting
*geometry* detected driver: pdftex
*geometry* verbose mode - [ preamble ] result:
* driver: pdftex
* paper: a4paper
* layout: <same size as paper>
* layoutoffset:(h,v)=(0.0pt,0.0pt)
* modes: 
* h-part:(L,W,R)=(71.13188pt, 497.92325pt, 28.45274pt)
* v-part:(T,H,B)=(56.9055pt, 731.23584pt, 56.9055pt)
* \paperwidth=597.50787pt
* \paperheight=845.04684pt
* \textwidth=497.92325pt
* \textheight=731.23584pt
* \oddsidemargin=-1.1381pt
* \evensidemargin=-1.1381pt
* \topmargin=-54.36449pt
* \headheight=17.0pt
* \headsep=25.0pt
* \topskip=14.0pt
* \footskip=30.0pt
* \marginparwidth=15.0pt
* \marginparsep=10.0pt
* \columnsep=10.0pt
* \skip\footins=12.0pt plus 4.0pt minus 2.0pt
* \hoffset=0.0pt
* \voffset=0.0pt
* \mag=1000
* \@twocolumnfalse
* \@twosidefalse
* \@mparswitchfalse
* \@reversemarginfalse
* (1in=72.27pt=25.4mm, 1cm=28.453pt)

\AtBeginShipoutBox=\box41
Package hyperref Info: Link coloring ON on input line 16.
(/usr/share/texlive/texmf-dist/tex/latex/hyperref/nameref.sty
Package: nameref 2016/05/21 v2.44 Cross-referencing by name of section
\c@section@level=\count182
)
LaTeX Info: Redefining \ref on input line 16.
LaTeX Info: Redefining \pageref on input line 16.
LaTeX Info: Redefining \nameref on input line 16.

(./dissertation.out) (./dissertation.out)
\@outlinefile=\write4
\openout4 = `dissertation.out'.

Package caption Info: Begin \AtBeginDocument code.
Package caption Info: floatrow package is loaded.
Package caption Info: float package is loaded.
Package caption Info: floatrow package is loaded.
Package caption Info: listings package is loaded.
Package caption Info: End \AtBeginDocument code.

ABD: EveryShipout initializing macros
\c@lstlisting=\count183

(/usr/share/texlive/texmf-dist/tex/latex/floatrow/fr-longtable.sty
Package: fr-longtable 2007/11/28 v0.1b (beta) floatrow: additions for longtable

\flrow@LT@lasthead=\box42
\flrow@LT@prelastfoot=\box43
\c@FBLTpage=\count184
)
(./names.tex) (./title.tex
Package babel Info: Redefining russian shorthand "|
(babel)             in language  on input line 49.
Package babel Info: Redefining russian shorthand "~
(babel)             in language  on input line 49.
Package babel Info: Redefining russian shorthand "|
(babel)             in language  on input line 49.
Package babel Info: Redefining russian shorthand "~
(babel)             in language  on input line 49.
 [1.1

{/var/lib/texmf/fonts/map/pdftex/updmap/pdftex.map}]) (./contents.tex (./disser
tation.toc<<ot1.cmap>><<oml.cmap>><<oms.cmap>><<omx.cmap>>
LaTeX Font Info:    Try loading font information for U+msa on input line 3.
 (/usr/share/texlive/texmf-dist/tex/latex/amsfonts/umsa.fd
File: umsa.fd 2013/01/14 v3.01 AMS symbols A
)
LaTeX Font Info:    Try loading font information for U+msb on input line 3.

(/usr/share/texlive/texmf-dist/tex/latex/amsfonts/umsb.fd
File: umsb.fd 2013/01/14 v3.01 AMS symbols B
)
Overfull \hbox (2.54941pt too wide) detected at line 22
\T2A/cmr/m/n/14.4 .1  
 []


Overfull \hbox (2.54941pt too wide) detected at line 23
\T2A/cmr/m/n/14.4 .2  
 []


Overfull \hbox (2.54941pt too wide) detected at line 24
\T2A/cmr/m/n/14.4 .3  
 []

Package babel Info: Redefining russian shorthand "|
(babel)             in language  on input line 25.
Package babel Info: Redefining russian shorthand "~
(babel)             in language  on input line 25.
Package babel Info: Redefining russian shorthand "|
(babel)             in language  on input line 25.
Package babel Info: Redefining russian shorthand "~
(babel)             in language  on input line 25.
[2.2]
Overfull \hbox (2.54941pt too wide) detected at line 25
\T2A/cmr/m/n/14.4 .4  
 []

)
\tf@toc=\write5
\openout5 = `dissertation.toc'.

) (./introduction.tex
Package babel Info: Redefining russian shorthand "|
(babel)             in language  on input line 1.
Package babel Info: Redefining russian shorthand "~
(babel)             in language  on input line 1.
Package babel Info: Redefining russian shorthand "|
(babel)             in language  on input line 1.
Package babel Info: Redefining russian shorthand "~
(babel)             in language  on input line 1.
 [3.3]
Package babel Info: Redefining russian shorthand "|
(babel)             in language  on input line 2.
Package babel Info: Redefining russian shorthand "~
(babel)             in language  on input line 2.
 (../common/characteristic.tex

LaTeX Warning: Citation `Sokolov' on page 4 undefined on input line 39.


LaTeX Warning: Citation `Gaidaenko' on page 4 undefined on input line 39.


LaTeX Warning: Citation `Lermontov' on page 4 undefined on input line 39.


LaTeX Warning: Citation `Management' on page 4 undefined on input line 39.


LaTeX Warning: Citation `Sokolov' on page 4 undefined on input line 40.


LaTeX Warning: Citation `Gaidaenko' on page 4 undefined on input line 40.


LaTeX Warning: Citation `Lermontov' on page 4 undefined on input line 41.


LaTeX Warning: Citation `Management' on page 4 undefined on input line 41.

)
\@c=\count185
\@last=\count186
\@pnul=\count187
\@c=\count188
\@last=\count189
\@pnul=\count190
\@c=\count191
\@last=\count192
\@pnul=\count193
\@c=\count194
\@last=\count195
\@pnul=\count196
) (./part1.tex
Package babel Info: Redefining russian shorthand "|
(babel)             in language  on input line 1.
Package babel Info: Redefining russian shorthand "~
(babel)             in language  on input line 1.
Package babel Info: Redefining russian shorthand "|
(babel)             in language  on input line 1.
Package babel Info: Redefining russian shorthand "~
(babel)             in language  on input line 1.
 [4.4

]
Package babel Info: Redefining russian shorthand "|
(babel)             in language  on input line 1.
Package babel Info: Redefining russian shorthand "~
(babel)             in language  on input line 1.
Package babel Info: Redefining russian shorthand "|
(babel)             in language  on input line 1.
Package babel Info: Redefining russian shorthand "~
(babel)             in language  on input line 1.
 [5.5]
{\cyrillictext \CYRG \cyrl \cyra \cyrv \cyra } 1.
Package babel Info: Redefining russian shorthand "|
(babel)             in language  on input line 1.
Package babel Info: Redefining russian shorthand "~
(babel)             in language  on input line 1.
Package babel Info: Redefining russian shorthand "|
(babel)             in language  on input line 3.
Package babel Info: Redefining russian shorthand "~
(babel)             in language  on input line 3.
Package babel Info: Redefining russian shorthand "|
(babel)             in language  on input line 9.
Package babel Info: Redefining russian shorthand "~
(babel)             in language  on input line 9.
Package babel Info: Redefining russian shorthand "|
(babel)             in language  on input line 22.
Package babel Info: Redefining russian shorthand "~
(babel)             in language  on input line 22.
Package babel Info: Redefining russian shorthand "|
(babel)             in language  on input line 22.
Package babel Info: Redefining russian shorthand "~
(babel)             in language  on input line 22.
[6.6

] <images/hierarchy.png, id=169, 553.06625pt x 268.00125pt>
File: images/hierarchy.png Graphic file (type png)

<use images/hierarchy.png>
Package pdftex.def Info: images/hierarchy.png used on input line 38.
(pdftex.def)             Requested size: 331.8423pt x 160.80197pt.
Package babel Info: Redefining russian shorthand "|
(babel)             in language  on input line 44.
Package babel Info: Redefining russian shorthand "~
(babel)             in language  on input line 44.
 <images/work_flow.png, id=170, 650.43pt x 433.62pt>
File: images/work_flow.png Graphic file (type png)

<use images/work_flow.png>
Package pdftex.def Info: images/work_flow.png used on input line 48.
(pdftex.def)             Requested size: 390.261pt x 260.17401pt.
Package babel Info: Redefining russian shorthand "|
(babel)             in language  on input line 51.
Package babel Info: Redefining russian shorthand "~
(babel)             in language  on input line 51.
Package babel Info: Redefining russian shorthand "|
(babel)             in language  on input line 51.
Package babel Info: Redefining russian shorthand "~
(babel)             in language  on input line 51.
 [7.7 <./images/hierarchy.png>]
Underfull \hbox (badness 10000) in paragraph at lines 53--55

 []

Package babel Info: Redefining russian shorthand "|
(babel)             in language  on input line 71.
Package babel Info: Redefining russian shorthand "~
(babel)             in language  on input line 71.
Package babel Info: Redefining russian shorthand "|
(babel)             in language  on input line 71.
Package babel Info: Redefining russian shorthand "~
(babel)             in language  on input line 71.
[8.8 <./images/work_flow.png>]
Underfull \hbox (badness 10000) in paragraph at lines 73--76

 []

<images/NB_algorithm.png, id=208, 460.72125pt x 387.4475pt>
File: images/NB_algorithm.png Graphic file (type png)

<use images/NB_algorithm.png>
Package pdftex.def Info: images/NB_algorithm.png used on input line 107.
(pdftex.def)             Requested size: 322.50267pt x 271.2114pt.
) (./part2.tex
Package babel Info: Redefining russian shorthand "|
(babel)             in language  on input line 1.
Package babel Info: Redefining russian shorthand "~
(babel)             in language  on input line 1.
Package babel Info: Redefining russian shorthand "|
(babel)             in language  on input line 1.
Package babel Info: Redefining russian shorthand "~
(babel)             in language  on input line 1.
 [9.9]
Package babel Info: Redefining russian shorthand "|
(babel)             in language  on input line 1.
Package babel Info: Redefining russian shorthand "~
(babel)             in language  on input line 1.
Package babel Info: Redefining russian shorthand "|
(babel)             in language  on input line 1.
Package babel Info: Redefining russian shorthand "~
(babel)             in language  on input line 1.
 [10.10 <./images/NB_algorithm.png>]
{\cyrillictext \CYRG \cyrl \cyra \cyrv \cyra } 2.
Package babel Info: Redefining russian shorthand "|
(babel)             in language  on input line 1.
Package babel Info: Redefining russian shorthand "~
(babel)             in language  on input line 1.
Package babel Info: Redefining russian shorthand "|
(babel)             in language  on input line 3.
Package babel Info: Redefining russian shorthand "~
(babel)             in language  on input line 3.
Package babel Info: Redefining russian shorthand "|
(babel)             in language  on input line 15.
Package babel Info: Redefining russian shorthand "~
(babel)             in language  on input line 15.

Underfull \hbox (badness 3271) in paragraph at lines 26--27
[]\T2A/cmr/m/n/14.4 Formally, there is a collection of texts $\OML/cmm/m/it/14.
4 T[]; T[]; :::; T[]$\T2A/cmr/m/n/14.4 . Unique tokens
 []

Package babel Info: Redefining russian shorthand "|
(babel)             in language  on input line 32.
Package babel Info: Redefining russian shorthand "~
(babel)             in language  on input line 32.
Package babel Info: Redefining russian shorthand "|
(babel)             in language  on input line 32.
Package babel Info: Redefining russian shorthand "~
(babel)             in language  on input line 32.
[11.11

]
Package babel Info: Redefining russian shorthand "|
(babel)             in language  on input line 83.
Package babel Info: Redefining russian shorthand "~
(babel)             in language  on input line 83.
Package babel Info: Redefining russian shorthand "|
(babel)             in language  on input line 83.
Package babel Info: Redefining russian shorthand "~
(babel)             in language  on input line 83.
 [12.12]
Package babel Info: Redefining russian shorthand "|
(babel)             in language  on input line 89.
Package babel Info: Redefining russian shorthand "~
(babel)             in language  on input line 89.
Package babel Info: Redefining russian shorthand "|
(babel)             in language  on input line 111.
Package babel Info: Redefining russian shorthand "~
(babel)             in language  on input line 111.
Package babel Info: Redefining russian shorthand "|
(babel)             in language  on input line 115.
Package babel Info: Redefining russian shorthand "~
(babel)             in language  on input line 115.
Package babel Info: Redefining russian shorthand "|
(babel)             in language  on input line 115.
Package babel Info: Redefining russian shorthand "~
(babel)             in language  on input line 115.
 [13.13] <images/FCNN.png, id=251, 530.98375pt x 279.0425pt>
File: images/FCNN.png Graphic file (type png)

<use images/FCNN.png>
Package pdftex.def Info: images/FCNN.png used on input line 143.
(pdftex.def)             Requested size: 265.49121pt x 139.5209pt.
Package babel Info: Redefining russian shorthand "|
(babel)             in language  on input line 160.
Package babel Info: Redefining russian shorthand "~
(babel)             in language  on input line 160.
Package babel Info: Redefining russian shorthand "|
(babel)             in language  on input line 160.
Package babel Info: Redefining russian shorthand "~
(babel)             in language  on input line 160.
 [14.14 <./images/FCNN.png>]
Package babel Info: Redefining russian shorthand "|
(babel)             in language  on input line 223.
Package babel Info: Redefining russian shorthand "~
(babel)             in language  on input line 223.
Package babel Info: Redefining russian shorthand "|
(babel)             in language  on input line 223.
Package babel Info: Redefining russian shorthand "~
(babel)             in language  on input line 223.
 [15.15]
<images/skip_gram_model.png, id=284, 562.1pt x 559.08875pt>
File: images/skip_gram_model.png Graphic file (type png)

<use images/skip_gram_model.png>
Package pdftex.def Info: images/skip_gram_model.png used on input line 279.
(pdftex.def)             Requested size: 281.04932pt x 279.54369pt.
LaTeX Font Info:    Try loading font information for T2A+cmtt on input line 288
.

(/usr/share/texlive/texmf-dist/tex/latex/cyrillic/t2acmtt.fd
File: t2acmtt.fd 2001/08/11 v1.0a Computer Modern Cyrillic font definitions
)
Package babel Info: Redefining russian shorthand "|
(babel)             in language  on input line 291.
Package babel Info: Redefining russian shorthand "~
(babel)             in language  on input line 291.
Package babel Info: Redefining russian shorthand "|
(babel)             in language  on input line 291.
Package babel Info: Redefining russian shorthand "~
(babel)             in language  on input line 291.
 [16.16]
Underfull \hbox (badness 10000) in paragraph at lines 291--293

 []

Package babel Info: Redefining russian shorthand "|
(babel)             in language  on input line 305.
Package babel Info: Redefining russian shorthand "~
(babel)             in language  on input line 305.
Package babel Info: Redefining russian shorthand "|
(babel)             in language  on input line 305.
Package babel Info: Redefining russian shorthand "~
(babel)             in language  on input line 305.
[17.17 <./images/skip_gram_model.png>]) (./part3.tex
Package babel Info: Redefining russian shorthand "|
(babel)             in language  on input line 1.
Package babel Info: Redefining russian shorthand "~
(babel)             in language  on input line 1.
Package babel Info: Redefining russian shorthand "|
(babel)             in language  on input line 1.
Package babel Info: Redefining russian shorthand "~
(babel)             in language  on input line 1.
 [18.18]
{\cyrillictext \CYRG \cyrl \cyra \cyrv \cyra } 3.
Package babel Info: Redefining russian shorthand "|
(babel)             in language  on input line 1.
Package babel Info: Redefining russian shorthand "~
(babel)             in language  on input line 1.
Package babel Info: Redefining russian shorthand "|
(babel)             in language  on input line 3.
Package babel Info: Redefining russian shorthand "~
(babel)             in language  on input line 3.
) (./part4.tex) (./conclusion.tex
Package babel Info: Redefining russian shorthand "|
(babel)             in language  on input line 1.
Package babel Info: Redefining russian shorthand "~
(babel)             in language  on input line 1.
Package babel Info: Redefining russian shorthand "|
(babel)             in language  on input line 1.
Package babel Info: Redefining russian shorthand "~
(babel)             in language  on input line 1.
 [19.19

]
Package babel Info: Redefining russian shorthand "|
(babel)             in language  on input line 2.
Package babel Info: Redefining russian shorthand "~
(babel)             in language  on input line 2.
 (../common/concl.tex))
(./references.tex
Package babel Info: Redefining russian shorthand "|
(babel)             in language  on input line 1.
Package babel Info: Redefining russian shorthand "~
(babel)             in language  on input line 1.
Package babel Info: Redefining russian shorthand "|
(babel)             in language  on input line 1.
Package babel Info: Redefining russian shorthand "~
(babel)             in language  on input line 1.
 [20.20

]
Package babel Info: Redefining russian shorthand "|
(babel)             in language  on input line 3.
Package babel Info: Redefining russian shorthand "~
(babel)             in language  on input line 3.

No file dissertation.bbl.

Underfull \hbox (badness 3815) in paragraph at lines 35--38
[]\T2A/cmr/m/n/14.4 Zavrel, Jakub, Peter Berck, and Willem Lavrijssen. 2000. In
formation
 []


Underfull \hbox (badness 10000) in paragraph at lines 35--38
\T2A/cmr/m/n/14.4 extraction by text classification: Corpus mining for features
. In
 []


Underfull \hbox (badness 10000) in paragraph at lines 35--38
\T2A/cmr/m/n/14.4 Workshop Information Extraction Meets Corpus Linguistics. URL
:
 []


Underfull \hbox (badness 10000) in paragraph at lines 35--38
\T2A/cmr/m/n/14.4 www.cnts.ua.ac.be/Publications/2000/ZBL00. Held in conjunctio
n with
 []

) (./lists.tex
Package babel Info: Redefining russian shorthand "|
(babel)             in language  on input line 1.
Package babel Info: Redefining russian shorthand "~
(babel)             in language  on input line 1.
Package babel Info: Redefining russian shorthand "|
(babel)             in language  on input line 1.
Package babel Info: Redefining russian shorthand "~
(babel)             in language  on input line 1.
 [21.21


]
Package babel Info: Redefining russian shorthand "|
(babel)             in language  on input line 3.
Package babel Info: Redefining russian shorthand "~
(babel)             in language  on input line 3.
 (./dissertation.lof)
\tf@lof=\write6
\openout6 = `dissertation.lof'.

Package babel Info: Redefining russian shorthand "|
(babel)             in language  on input line 9.
Package babel Info: Redefining russian shorthand "~
(babel)             in language  on input line 9.
Package babel Info: Redefining russian shorthand "|
(babel)             in language  on input line 9.
Package babel Info: Redefining russian shorthand "~
(babel)             in language  on input line 9.
 [22.22

]
Package babel Info: Redefining russian shorthand "|
(babel)             in language  on input line 11.
Package babel Info: Redefining russian shorthand "~
(babel)             in language  on input line 11.
 (./dissertation.lot)
\tf@lot=\write7
\openout7 = `dissertation.lot'.

Package babel Info: Redefining russian shorthand "|
(babel)             in language  on input line 13.
Package babel Info: Redefining russian shorthand "~
(babel)             in language  on input line 13.
Package babel Info: Redefining russian shorthand "|
(babel)             in language  on input line 13.
Package babel Info: Redefining russian shorthand "~
(babel)             in language  on input line 13.

[23.23

]) (./appendix.tex
{\cyrillictext \CYRP \cyrr \cyri \cyrl \cyro \cyrzh \cyre \cyrn \cyri \cyre } \
CYRA .
Package babel Info: Redefining russian shorthand "|
(babel)             in language  on input line 15.
Package babel Info: Redefining russian shorthand "~
(babel)             in language  on input line 15.
Package hyperref Info: bookmark level for unknown ListingEnv defaults to 0 on i
nput line 26.
(/usr/share/texlive/texmf-dist/tex/latex/listings/lstlang1.sty
File: lstlang1.sty 2015/06/04 1.6 listings language file
)
(/usr/share/texlive/texmf-dist/tex/latex/listings/lstlang1.sty
File: lstlang1.sty 2015/06/04 1.6 listings language file
)
(/usr/share/texlive/texmf-dist/tex/latex/listings/lstmisc.sty
File: lstmisc.sty 2015/06/04 1.6 (Carsten Heinz)
)
(/usr/share/texlive/texmf-dist/tex/latex/base/utf8.def
File: utf8.def 2017/01/28 v1.1t UTF-8 support for inputenc
)
LaTeX Font Info:    Font shape `T2A/cmtt/bx/n' in size <12> not available
(Font)              Font shape `T2A/cmtt/m/n' tried instead on input line 32.

(/usr/share/texlive/texmf-dist/tex/latex/listings/lstlang1.sty
File: lstlang1.sty 2015/06/04 1.6 listings language file
)
(/usr/share/texlive/texmf-dist/tex/latex/listings/lstlang2.sty
File: lstlang2.sty 2015/06/04 1.6 listings language file
)
Package babel Info: Redefining russian shorthand "|
(babel)             in language  on input line 63.
Package babel Info: Redefining russian shorthand "~
(babel)             in language  on input line 63.
Package babel Info: Redefining russian shorthand "|
(babel)             in language  on input line 63.
Package babel Info: Redefining russian shorthand "~
(babel)             in language  on input line 63.
 [24.24

]
(/usr/share/texlive/texmf-dist/tex/latex/base/utf8.def
File: utf8.def 2017/01/28 v1.1t UTF-8 support for inputenc
)
(/usr/share/texlive/texmf-dist/tex/latex/base/utf8.def
File: utf8.def 2017/01/28 v1.1t UTF-8 support for inputenc
)
Package hyperref Info: bookmark level for unknown lstlisting defaults to 0 on i
nput line 78.

(/usr/share/texlive/texmf-dist/tex/latex/base/utf8.def
File: utf8.def 2017/01/28 v1.1t UTF-8 support for inputenc
)
Package babel Info: Redefining russian shorthand "|
(babel)             in language  on input line 96.
Package babel Info: Redefining russian shorthand "~
(babel)             in language  on input line 96.
Package babel Info: Redefining russian shorthand "|
(babel)             in language  on input line 96.
Package babel Info: Redefining russian shorthand "~
(babel)             in language  on input line 96.
 [25.25]
(/usr/share/texlive/texmf-dist/tex/latex/listings/lstlang1.sty
File: lstlang1.sty 2015/06/04 1.6 listings language file
)
(/usr/share/texlive/texmf-dist/tex/latex/listings/lstlang2.sty
File: lstlang2.sty 2015/06/04 1.6 listings language file
)
(/usr/share/texlive/texmf-dist/tex/latex/listings/lstlang3.sty
File: lstlang3.sty 2015/06/04 1.6 listings language file
)
(/usr/share/texlive/texmf-dist/tex/latex/base/utf8.def
File: utf8.def 2017/01/28 v1.1t UTF-8 support for inputenc
)
(./listings/run_analysis.R
Package babel Info: Redefining russian shorthand "|
(babel)             in language  on input line 7.
Package babel Info: Redefining russian shorthand "~
(babel)             in language  on input line 7.
Package babel Info: Redefining russian shorthand "|
(babel)             in language  on input line 7.
Package babel Info: Redefining russian shorthand "~
(babel)             in language  on input line 7.
 [26.26]
Package babel Info: Redefining russian shorthand "|
(babel)             in language  on input line 36.
Package babel Info: Redefining russian shorthand "~
(babel)             in language  on input line 36.
Package babel Info: Redefining russian shorthand "|
(babel)             in language  on input line 36.
Package babel Info: Redefining russian shorthand "~
(babel)             in language  on input line 36.
 [27.27]
Package babel Info: Redefining russian shorthand "|
(babel)             in language  on input line 66.
Package babel Info: Redefining russian shorthand "~
(babel)             in language  on input line 66.
Package babel Info: Redefining russian shorthand "|
(babel)             in language  on input line 66.
Package babel Info: Redefining russian shorthand "~
(babel)             in language  on input line 66.
 [28.28])
Package babel Info: Redefining russian shorthand "|
(babel)             in language  on input line 130.
Package babel Info: Redefining russian shorthand "~
(babel)             in language  on input line 130.
Package babel Info: Redefining russian shorthand "|
(babel)             in language  on input line 130.
Package babel Info: Redefining russian shorthand "~
(babel)             in language  on input line 130.
 [29.29]
{\cyrillictext \CYRP \cyrr \cyri \cyrl \cyro \cyrzh \cyre \cyrn \cyri \cyre } \
CYRB .
Package babel Info: Redefining russian shorthand "|
(babel)             in language  on input line 130.
Package babel Info: Redefining russian shorthand "~
(babel)             in language  on input line 130.
Package babel Info: Redefining russian shorthand "|
(babel)             in language  on input line 132.
Package babel Info: Redefining russian shorthand "~
(babel)             in language  on input line 132.
Package babel Info: Redefining russian shorthand "|
(babel)             in language  on input line 230.
Package babel Info: Redefining russian shorthand "~
(babel)             in language  on input line 230.
Package babel Info: Redefining russian shorthand "|
(babel)             in language  on input line 230.
Package babel Info: Redefining russian shorthand "~
(babel)             in language  on input line 230.
[30.30

]
Package babel Info: Redefining russian shorthand "|
(babel)             in language  on input line 270.
Package babel Info: Redefining russian shorthand "~
(babel)             in language  on input line 270.
Package babel Info: Redefining russian shorthand "|
(babel)             in language  on input line 270.
Package babel Info: Redefining russian shorthand "~
(babel)             in language  on input line 270.
 [31.31]
Package babel Info: Redefining russian shorthand "|
(babel)             in language  on input line 276.
Package babel Info: Redefining russian shorthand "~
(babel)             in language  on input line 276.
Package babel Info: Redefining russian shorthand "|
(babel)             in language  on input line 342.
Package babel Info: Redefining russian shorthand "~
(babel)             in language  on input line 342.
Package babel Info: Redefining russian shorthand "|
(babel)             in language  on input line 342.
Package babel Info: Redefining russian shorthand "~
(babel)             in language  on input line 342.
 [32.32]
Package babel Info: Redefining russian shorthand "|
(babel)             in language  on input line 384.
Package babel Info: Redefining russian shorthand "~
(babel)             in language  on input line 384.
Package babel Info: Redefining russian shorthand "|
(babel)             in language  on input line 384.
Package babel Info: Redefining russian shorthand "~
(babel)             in language  on input line 384.
 [33.33]
Package babel Info: Redefining russian shorthand "|
(babel)             in language  on input line 424.
Package babel Info: Redefining russian shorthand "~
(babel)             in language  on input line 424.
Package babel Info: Redefining russian shorthand "|
(babel)             in language  on input line 424.
Package babel Info: Redefining russian shorthand "~
(babel)             in language  on input line 424.
 [34.34]
Package babel Info: Redefining russian shorthand "|
(babel)             in language  on input line 429.
Package babel Info: Redefining russian shorthand "~
(babel)             in language  on input line 429.
Package babel Info: Redefining russian shorthand "|
(babel)             in language  on input line 433.
Package babel Info: Redefining russian shorthand "~
(babel)             in language  on input line 433.
Package babel Info: Redefining russian shorthand "|
(babel)             in language  on input line 433.
Package babel Info: Redefining russian shorthand "~
(babel)             in language  on input line 433.
 [35.35]
Package babel Info: Redefining russian shorthand "|
(babel)             in language  on input line 433.
Package babel Info: Redefining russian shorthand "~
(babel)             in language  on input line 433.
)

Package caption Warning: Unused \captionsetup[subfigure] on input line 60.
See the caption package documentation for explanation.

Package babel Info: Redefining russian shorthand "|
(babel)             in language  on input line 33.
Package babel Info: Redefining russian shorthand "~
(babel)             in language  on input line 33.
Package babel Info: Redefining russian shorthand "|
(babel)             in language  on input line 33.
Package babel Info: Redefining russian shorthand "~
(babel)             in language  on input line 33.
[36.36]
Package atveryend Info: Empty hook `BeforeClearDocument' on input line 33.
Package atveryend Info: Empty hook `AfterLastShipout' on input line 33.
 (./dissertation.aux)
Package atveryend Info: Executing hook `AtVeryEndDocument' on input line 33.
Package atveryend Info: Executing hook `AtEndAfterFileList' on input line 33.
Package rerunfilecheck Info: File `dissertation.out' has not changed.
(rerunfilecheck)             Checksum: 81522CC643192C02E0DB989D804CDB30;5514.


LaTeX Warning: There were undefined references.

Package atveryend Info: Empty hook `AtVeryVeryEnd' on input line 33.
 ) 
Here is how much of TeX's memory you used:
 21499 strings out of 493013
 321062 string characters out of 6135681
 585722 words of memory out of 5000000
 24221 multiletter control sequences out of 15000+600000
 26770 words of font info for 75 fonts, out of 8000000 for 9000
 1141 hyphenation exceptions out of 8191
 49i,17n,83p,1314b,2998s stack positions out of 5000i,500n,10000p,200000b,80000s
{/usr/share/texmf/fonts/enc/dvips/cm-super/cm-super-t2a.enc}</usr/share/texli
ve/texmf-dist/fonts/type1/public/amsfonts/cm/cmbx10.pfb></usr/share/texlive/tex
mf-dist/fonts/type1/public/amsfonts/cm/cmbx12.pfb></usr/share/texlive/texmf-dis
t/fonts/type1/public/amsfonts/cm/cmex10.pfb></usr/share/texlive/texmf-dist/font
s/type1/public/amsfonts/cm/cmmi10.pfb></usr/share/texlive/texmf-dist/fonts/type
1/public/amsfonts/cm/cmmi12.pfb></usr/share/texlive/texmf-dist/fonts/type1/publ
ic/amsfonts/cm/cmmi7.pfb></usr/share/texlive/texmf-dist/fonts/type1/public/amsf
onts/cm/cmmi8.pfb></usr/share/texlive/texmf-dist/fonts/type1/public/amsfonts/cm
/cmmib10.pfb></usr/share/texlive/texmf-dist/fonts/type1/public/amsfonts/cm/cmr1
0.pfb></usr/share/texlive/texmf-dist/fonts/type1/public/amsfonts/cm/cmr12.pfb><
/usr/share/texlive/texmf-dist/fonts/type1/public/amsfonts/cm/cmsy10.pfb></usr/s
hare/texlive/texmf-dist/fonts/type1/public/amsfonts/cm/cmsy7.pfb></usr/share/te
xlive/texmf-dist/fonts/type1/public/amsfonts/symbols/msbm10.pfb></usr/share/tex
mf/fonts/type1/public/cm-super/sfbx1440.pfb></usr/share/texmf/fonts/type1/publi
c/cm-super/sfbx1728.pfb></usr/share/texmf/fonts/type1/public/cm-super/sfit1200.
pfb></usr/share/texmf/fonts/type1/public/cm-super/sfrm1000.pfb></usr/share/texm
f/fonts/type1/public/cm-super/sfrm1200.pfb></usr/share/texmf/fonts/type1/public
/cm-super/sfrm1440.pfb></usr/share/texmf/fonts/type1/public/cm-super/sfrm1728.p
fb></usr/share/texmf/fonts/type1/public/cm-super/sfsl1200.pfb></usr/share/texmf
/fonts/type1/public/cm-super/sfsl1440.pfb></usr/share/texmf/fonts/type1/public/
cm-super/sfti1440.pfb></usr/share/texmf/fonts/type1/public/cm-super/sftt1200.pf
b></usr/share/texmf/fonts/type1/public/cm-super/sftt1440.pfb>
Output written on dissertation.pdf (36 pages, 575887 bytes).
PDF statistics:
 694 PDF objects out of 1000 (max. 8388607)
 611 compressed objects within 7 object streams
 273 named destinations out of 1000 (max. 500000)
 222 words of extra memory for PDF output out of 10000 (max. 10000000)

