\BOOKMARK [0][-]{chapter*.3}{\376\377\000A\000B\000B\000R\000E\000V\000I\000A\000T\000I\000O\000N\000S}{}% 1
\BOOKMARK [0][-]{chapter*.4}{\376\377\000I\000N\000T\000R\000O\000D\000U\000C\000T\000I\000O\000N}{}% 2
\BOOKMARK [0][-]{chapter.1}{\376\377\000T\000E\000X\000T\000\040\000C\000L\000A\000S\000S\000I\000F\000I\000C\000A\000T\000I\000O\000N}{}% 3
\BOOKMARK [1][-]{section.1.1}{\376\377\000S\000t\000a\000t\000e\000m\000e\000n\000t\000\040\000o\000f\000\040\000t\000h\000e\000\040\000c\000l\000a\000s\000s\000i\000f\000i\000c\000a\000t\000i\000o\000n\000\040\000p\000r\000o\000b\000l\000e\000m}{chapter.1}% 4
\BOOKMARK [1][-]{section.1.2}{\376\377\000S\000h\000o\000r\000t\000\040\000r\000e\000v\000i\000e\000w\000\040\000o\000f\000\040\000e\000x\000i\000s\000t\000i\000n\000g\000\040\000m\000a\000t\000h\000e\000m\000a\000t\000i\000c\000a\000l\000\040\000m\000o\000d\000e\000l\000\040\000w\000h\000i\000c\000h\000\040\000c\000a\000n\000\040\000b\000e\000\040\000u\000s\000e\000d\000\040\000t\000o\000\040\000s\000o\000l\000v\000e\000\040\000t\000h\000e\000\040\000c\000l\000a\000s\000s\000i\000f\000i\000c\000a\000t\000i\000o\000n\000\040\000p\000r\000o\000b\000l\000e\000m}{chapter.1}% 5
\BOOKMARK [1][-]{section.1.3}{\376\377\000M\000o\000d\000e\000l\000\040\000e\000v\000a\000l\000u\000a\000t\000i\000o\000n\000\040\000a\000n\000d\000\040\000v\000a\000l\000i\000d\000a\000t\000i\000o\000n}{chapter.1}% 6
\BOOKMARK [2][-]{subsection.1.3.1}{\376\377\000M\000o\000d\000e\000l\000\040\000E\000v\000a\000l\000u\000a\000t\000i\000o\000n\000\040\000A\000p\000p\000l\000i\000c\000a\000t\000i\000o\000n\000s}{section.1.3}% 7
\BOOKMARK [2][-]{subsection.1.3.2}{\376\377\000M\000o\000d\000e\000l\000\040\000E\000v\000a\000l\000u\000a\000t\000i\000o\000n\000\040\000T\000e\000c\000h\000n\000i\000q\000u\000e\000s}{section.1.3}% 8
\BOOKMARK [1][-]{section.1.4}{\376\377\000C\000l\000a\000s\000s\000i\000f\000i\000c\000a\000t\000i\000o\000n\000\040\000m\000e\000t\000r\000i\000c\000s}{chapter.1}% 9
\BOOKMARK [1][-]{section.1.5}{\376\377\000S\000u\000m\000m\000a\000r\000y\000\040\000o\000f\000\040\000t\000h\000e\000\040\000s\000e\000c\000t\000i\000o\000n}{chapter.1}% 10
\BOOKMARK [0][-]{chapter.2}{\376\377\000M\000a\000t\000h\000e\000m\000a\000t\000i\000c\000a\000l\000\040\000m\000o\000d\000e\000l\000s\000\040\000a\000n\000d\000\040\000a\000l\000g\000o\000r\000i\000t\000h\000m\000s\000\040\000f\000o\000r\000\040\000t\000e\000x\000t\000\040\000c\000l\000a\000s\000s\000i\000f\000i\000c\000a\000t\000i\000o\000n}{}% 11
\BOOKMARK [1][-]{section.2.1}{\376\377\000W\000o\000r\000d\000s\000\040\000r\000e\000p\000r\000e\000s\000e\000n\000t\000a\000t\000i\000o\000n\000s}{chapter.2}% 12
\BOOKMARK [2][-]{subsection.2.1.1}{\376\377\000B\000a\000g\000-\000o\000f\000-\000W\000o\000r\000d\000s\000\040\000A\000p\000p\000r\000o\000a\000c\000h}{section.2.1}% 13
\BOOKMARK [2][-]{subsection.2.1.2}{\376\377\000T\000F\000-\000I\000D\000F\000\040\000A\000p\000p\000r\000o\000a\000c\000h}{section.2.1}% 14
\BOOKMARK [2][-]{subsection.2.1.3}{\376\377\000E\000m\000b\000e\000d\000d\000i\000n\000g\000s}{section.2.1}% 15
\BOOKMARK [1][-]{section.2.2}{\376\377\000D\000e\000e\000p\000\040\000l\000e\000a\000r\000n\000i\000n\000g\000\040\000a\000l\000g\000o\000r\000i\000t\000h\000m\000s\000\040\000f\000o\000r\000\040\000t\000e\000x\000t\000\040\000c\000l\000a\000s\000s\000i\000f\000i\000c\000a\000t\000i\000o\000n}{chapter.2}% 16
\BOOKMARK [2][-]{subsection.2.2.1}{\376\377\000C\000o\000n\000v\000o\000l\000u\000t\000i\000o\000n\000\040\000N\000e\000u\000r\000a\000l\000\040\000N\000e\000t\000w\000o\000r\000k\000s}{section.2.2}% 17
\BOOKMARK [2][-]{subsection.2.2.2}{\376\377\000R\000e\000c\000u\000r\000r\000e\000n\000t\000\040\000n\000e\000u\000r\000a\000l\000\040\000n\000e\000t\000w\000o\000r\000k\000s\000\040\000a\000n\000d\000\040\000t\000h\000e\000i\000r\000\040\000m\000o\000d\000i\000f\000i\000c\000a\000t\000i\000o\000n\000s}{section.2.2}% 18
\BOOKMARK [2][-]{subsection.2.2.3}{\376\377\000A\000d\000v\000a\000n\000t\000a\000g\000e\000s\000\040\000a\000n\000d\000\040\000d\000r\000a\000w\000b\000a\000c\000k\000s\000\040\000o\000f\000\040\000d\000i\000f\000f\000e\000r\000e\000n\000t\000\040\000a\000r\000c\000h\000i\000t\000e\000c\000t\000u\000r\000e\000s}{section.2.2}% 19
\BOOKMARK [2][-]{subsection.2.2.4}{\376\377\000S\000u\000m\000m\000a\000r\000y\000\040\000o\000f\000\040\000t\000h\000e\000\040\000s\000e\000c\000t\000i\000o\000n}{section.2.2}% 20
\BOOKMARK [0][-]{chapter.3}{\376\377\000T\000e\000s\000t\000i\000n\000g\000\040\000a\000n\000d\000\040\000p\000r\000a\000c\000t\000i\000c\000a\000l\000\040\000a\000p\000p\000l\000i\000c\000a\000t\000i\000o\000n\000\040\000o\000f\000\040\000t\000e\000x\000t\000\040\000c\000l\000a\000s\000s\000i\000f\000i\000c\000a\000t\000i\000o\000n\000\040\000u\000s\000i\000n\000g\000\040\000s\000o\000f\000t\000w\000a\000r\000e}{}% 21
\BOOKMARK [1][-]{section.3.1}{\376\377\000S\000o\000f\000t\000w\000a\000r\000e\000\040\000s\000e\000l\000e\000c\000t\000i\000o\000n}{chapter.3}% 22
\BOOKMARK [1][-]{section.3.2}{\376\377\000D\000a\000t\000a\000s\000e\000t\000\040\000s\000e\000l\000e\000c\000t\000i\000o\000n\000\040\000a\000n\000d\000\040\000e\000x\000p\000l\000o\000r\000a\000t\000i\000o\000n}{chapter.3}% 23
\BOOKMARK [1][-]{section.3.3}{\376\377\000D\000a\000t\000a\000\040\000p\000r\000e\000p\000a\000r\000a\000t\000i\000o\000n}{chapter.3}% 24
\BOOKMARK [1][-]{section.3.4}{\376\377\000N\000e\000t\000w\000o\000r\000k\000\040\000d\000e\000s\000i\000g\000n\000\040\000a\000n\000d\000\040\000t\000r\000a\000i\000n\000i\000n\000g}{chapter.3}% 25
\BOOKMARK [1][-]{section.3.5}{\376\377\000S\000u\000m\000m\000a\000r\000y\000\040\000o\000f\000\040\000t\000h\000e\000\040\000s\000e\000c\000t\000i\000o\000n}{chapter.3}% 26
\BOOKMARK [0][-]{chapter.4}{\376\377\000C\000l\000a\000s\000s\000i\000f\000i\000c\000a\000t\000i\000o\000n\000\040\000r\000e\000s\000u\000l\000t\000s\000\040\000e\000v\000a\000l\000u\000a\000t\000i\000o\000n}{}% 27
\BOOKMARK [1][-]{section.4.1}{\376\377\000G\000e\000n\000e\000r\000a\000l\000\040\000s\000t\000e\000p\000s}{chapter.4}% 28
\BOOKMARK [1][-]{section.4.2}{\376\377\000B\000a\000s\000e\000\040\000l\000i\000n\000e\000\040\000m\000o\000d\000e\000l}{chapter.4}% 29
\BOOKMARK [1][-]{section.4.3}{\376\377\000C\000o\000n\000v\000o\000l\000u\000t\000i\000o\000n\000\040\000n\000e\000u\000r\000a\000l\000\040\000n\000e\000t\000w\000o\000r\000k}{chapter.4}% 30
\BOOKMARK [1][-]{section.4.4}{\376\377\000C\000o\000n\000v\000o\000l\000u\000t\000i\000o\000n\000\040\000n\000e\000u\000r\000a\000l\000\040\000n\000e\000t\000w\000o\000r\000k\000\040\000w\000i\000t\000h\000\040\000d\000i\000f\000f\000e\000r\000e\000n\000t\000\040\000r\000e\000g\000u\000l\000a\000r\000i\000z\000a\000t\000i\000o\000n}{chapter.4}% 31
\BOOKMARK [1][-]{section.4.5}{\376\377\000F\000i\000n\000a\000l\000\040\000m\000o\000d\000e\000l}{chapter.4}% 32
\BOOKMARK [1][-]{section.4.6}{\376\377\000S\000u\000m\000m\000a\000r\000y\000\040\000o\000f\000\040\000t\000h\000e\000\040\000s\000e\000c\000t\000i\000o\000n}{chapter.4}% 33
\BOOKMARK [0][-]{chapter*.69}{\376\377\000C\000O\000N\000C\000L\000U\000S\000I\000O\000N\000S}{}% 34
\BOOKMARK [0][-]{section*.70}{\376\377\000B\000I\000B\000L\000I\000O\000G\000R\000A\000P\000H\000Y}{}% 35
\BOOKMARK [0][-]{section*.72}{\376\377\000L\000I\000S\000T\000\040\000O\000F\000\040\000F\000I\000G\000U\000R\000E\000S}{}% 36
\BOOKMARK [0][-]{section*.73}{\376\377\000L\000I\000S\000T\000\040\000O\000F\000\040\000T\000A\000B\000L\000E\000S}{}% 37
\BOOKMARK [0][-]{appendix*.74}{\376\377\000A\000P\000P\000E\000N\000D\000I\000X\000\040\000A\000\040\000I\000L\000L\000U\000S\000T\000R\000A\000T\000I\000V\000E\000\040\000M\000A\000T\000E\000R\000I\000A\000L}{}% 38
\BOOKMARK [0][-]{appendix*.89}{\376\377\000A\000P\000P\000E\000N\000D\000I\000X\000\040\000B\000\040\000D\000A\000T\000A\000\040\000S\000A\000M\000P\000L\000E\000S}{}% 39
